2025-12-06 18:55:49,005 [root] INFO: Logging all experiments to experiment_2025-12-06_18-55-49.log
2025-12-06 18:55:49,005 [Experiment] INFO: Starting scenario: Normal Operation
2025-12-06 18:55:49,005 [Manager] INFO: Connecting to MQTT broker...
2025-12-06 18:55:49,224 [Manager] INFO: Starting manager for 60s (self-healing=ON)
2025-12-06 18:55:49,224 [Manager] INFO: No active nodes available for consensus
2025-12-06 18:55:49,339 [Manager] INFO: Connected to broker
2025-12-06 18:55:49,339 [Manager] INFO: Subscribed to distance + heartbeat topics
2025-12-06 18:55:50,235 [Manager] INFO: No active nodes available for consensus
2025-12-06 18:55:51,009 [Node1] INFO: Connecting to MQTT broker...
2025-12-06 18:55:51,138 [Node2] INFO: Connecting to MQTT broker...
2025-12-06 18:55:51,138 [Node1] INFO: Starting node for 60s in mode 'normal'
2025-12-06 18:55:51,138 [Node1] INFO: Published distance: 76.41 cm
2025-12-06 18:55:51,138 [Node1] INFO: Published heartbeat
2025-12-06 18:55:51,239 [Manager] INFO: No active nodes available for consensus
2025-12-06 18:55:51,256 [Node3] INFO: Connecting to MQTT broker...
2025-12-06 18:55:51,256 [Node1] INFO: Connected to broker
2025-12-06 18:55:51,256 [Node2] INFO: Starting node for 60s in mode 'normal'
2025-12-06 18:55:51,256 [Node1] INFO: Subscribed to command topic: ft_demo/command/1
2025-12-06 18:55:51,256 [Node2] INFO: Published distance: 76.68 cm
2025-12-06 18:55:51,256 [Node2] INFO: Published heartbeat
2025-12-06 18:55:51,362 [Node2] INFO: Connected to broker
2025-12-06 18:55:51,362 [Node2] INFO: Subscribed to command topic: ft_demo/command/2
2025-12-06 18:55:51,362 [Node3] INFO: Starting node for 60s in mode 'normal'
2025-12-06 18:55:51,362 [Node3] INFO: Published distance: 72.32 cm
2025-12-06 18:55:51,362 [Node3] INFO: Published heartbeat
2025-12-06 18:55:52,154 [Node1] INFO: Published distance: 70.94 cm
2025-12-06 18:55:52,243 [Manager] INFO: Consensus = 76.55 cm using mean (2 nodes), active_nodes=2
2025-12-06 18:55:52,271 [Node2] INFO: Published distance: 74.33 cm
2025-12-06 18:55:52,384 [Node3] INFO: Published distance: 75.77 cm
2025-12-06 18:55:53,168 [Node1] INFO: Published distance: 77.35 cm
2025-12-06 18:55:53,248 [Manager] INFO: Consensus = 72.63 cm using mean (2 nodes), active_nodes=2
2025-12-06 18:55:53,286 [Node2] INFO: Published distance: 73.08 cm
2025-12-06 18:55:53,398 [Node3] INFO: Published distance: 74.69 cm
2025-12-06 18:55:54,181 [Node1] INFO: Published distance: 75.63 cm
2025-12-06 18:55:54,181 [Node1] INFO: Published heartbeat
2025-12-06 18:55:54,252 [Manager] INFO: Consensus = 75.22 cm using mean (2 nodes), active_nodes=2
2025-12-06 18:55:54,298 [Node2] INFO: Published distance: 73.12 cm
2025-12-06 18:55:54,298 [Node2] INFO: Published heartbeat
2025-12-06 18:55:54,411 [Node3] INFO: Published distance: 75.65 cm
2025-12-06 18:55:54,411 [Node3] INFO: Published heartbeat
2025-12-06 18:55:55,192 [Node1] INFO: Published distance: 71.89 cm
2025-12-06 18:55:55,255 [Manager] INFO: Consensus = 74.38 cm using mean (2 nodes), active_nodes=2
2025-12-06 18:55:55,311 [Node2] INFO: Published distance: 78.06 cm
2025-12-06 18:55:55,422 [Node3] INFO: Published distance: 72.87 cm
2025-12-06 18:55:56,205 [Node1] INFO: Published distance: 77.56 cm
2025-12-06 18:55:56,259 [Manager] INFO: Consensus = 74.97 cm using mean (2 nodes), active_nodes=2
2025-12-06 18:55:56,325 [Node2] INFO: Published distance: 73.86 cm
2025-12-06 18:55:56,436 [Node3] INFO: Published distance: 77.32 cm
2025-12-06 18:55:56,477 [Node3] INFO: Connected to broker
2025-12-06 18:55:56,477 [Node3] INFO: Subscribed to command topic: ft_demo/command/3
2025-12-06 18:55:57,218 [Node1] INFO: Published distance: 74.38 cm
2025-12-06 18:55:57,218 [Node1] INFO: Published heartbeat
2025-12-06 18:55:57,263 [Manager] INFO: Consensus = 77.32 cm using median (3 nodes), active_nodes=3
2025-12-06 18:55:57,337 [Node2] INFO: Published distance: 73.40 cm
2025-12-06 18:55:57,337 [Node2] INFO: Published heartbeat
2025-12-06 18:55:57,450 [Node3] INFO: Published distance: 77.85 cm
2025-12-06 18:55:57,450 [Node3] INFO: Published heartbeat
2025-12-06 18:55:58,233 [Node1] INFO: Published distance: 71.70 cm
2025-12-06 18:55:58,268 [Manager] INFO: Consensus = 74.38 cm using median (3 nodes), active_nodes=3
2025-12-06 18:55:58,353 [Node2] INFO: Published distance: 77.74 cm
2025-12-06 18:55:58,464 [Node3] INFO: Published distance: 74.04 cm
2025-12-06 18:55:59,246 [Node1] INFO: Published distance: 72.51 cm
2025-12-06 18:55:59,271 [Manager] INFO: Consensus = 74.04 cm using median (3 nodes), active_nodes=3
2025-12-06 18:55:59,366 [Node2] INFO: Published distance: 76.28 cm
2025-12-06 18:55:59,477 [Node3] INFO: Published distance: 76.81 cm
2025-12-06 18:56:00,260 [Node1] INFO: Published distance: 76.81 cm
2025-12-06 18:56:00,260 [Node1] INFO: Published heartbeat
2025-12-06 18:56:00,275 [Manager] INFO: Consensus = 76.28 cm using median (3 nodes), active_nodes=3
2025-12-06 18:56:00,380 [Node2] INFO: Published distance: 76.29 cm
2025-12-06 18:56:00,380 [Node2] INFO: Published heartbeat
2025-12-06 18:56:00,487 [Node3] INFO: Published distance: 71.99 cm
2025-12-06 18:56:00,487 [Node3] INFO: Published heartbeat
2025-12-06 18:56:01,275 [Node1] INFO: Published distance: 77.47 cm
2025-12-06 18:56:01,279 [Manager] INFO: Consensus = 76.29 cm using median (3 nodes), active_nodes=3
2025-12-06 18:56:01,395 [Node2] INFO: Published distance: 73.45 cm
2025-12-06 18:56:01,512 [Node3] INFO: Published distance: 76.15 cm
2025-12-06 18:56:02,283 [Manager] INFO: Consensus = 76.15 cm using median (3 nodes), active_nodes=3
2025-12-06 18:56:02,289 [Node1] INFO: Published distance: 80.74 cm
2025-12-06 18:56:02,408 [Node2] INFO: Published distance: 73.09 cm
2025-12-06 18:56:02,526 [Node3] INFO: Published distance: 73.19 cm
2025-12-06 18:56:03,287 [Manager] INFO: Consensus = 73.19 cm using median (3 nodes), active_nodes=3
2025-12-06 18:56:03,304 [Node1] INFO: Published distance: 67.57 cm
2025-12-06 18:56:03,304 [Node1] INFO: Published heartbeat
2025-12-06 18:56:03,421 [Node2] INFO: Published distance: 76.41 cm
2025-12-06 18:56:03,421 [Node2] INFO: Published heartbeat
2025-12-06 18:56:03,487 [Node3] INFO: Published heartbeat
2025-12-06 18:56:03,538 [Node3] INFO: Published distance: 76.79 cm
2025-12-06 18:56:04,290 [Manager] INFO: Consensus = 76.41 cm using median (3 nodes), active_nodes=3
2025-12-06 18:56:04,318 [Node1] INFO: Published distance: 72.31 cm
2025-12-06 18:56:04,434 [Node2] INFO: Published distance: 74.96 cm
2025-12-06 18:56:04,550 [Node3] INFO: Published distance: 77.28 cm
2025-12-06 18:56:05,294 [Manager] INFO: Consensus = 74.96 cm using median (3 nodes), active_nodes=3
2025-12-06 18:56:05,330 [Node1] INFO: Published distance: 76.58 cm
2025-12-06 18:56:05,449 [Node2] INFO: Published distance: 75.50 cm
2025-12-06 18:56:05,565 [Node3] INFO: Published distance: 78.09 cm
2025-12-06 18:56:06,299 [Manager] INFO: Consensus = 76.58 cm using median (3 nodes), active_nodes=3
2025-12-06 18:56:06,344 [Node1] INFO: Published distance: 74.70 cm
2025-12-06 18:56:06,344 [Node1] INFO: Published heartbeat
2025-12-06 18:56:06,463 [Node2] INFO: Published distance: 71.04 cm
2025-12-06 18:56:06,463 [Node2] INFO: Published heartbeat
2025-12-06 18:56:06,529 [Node3] INFO: Published heartbeat
2025-12-06 18:56:06,581 [Node3] INFO: Published distance: 76.92 cm
2025-12-06 18:56:07,303 [Manager] INFO: Consensus = 74.70 cm using median (3 nodes), active_nodes=3
2025-12-06 18:56:07,361 [Node1] INFO: Published distance: 73.00 cm
2025-12-06 18:56:07,477 [Node2] INFO: Published distance: 78.42 cm
2025-12-06 18:56:07,594 [Node3] INFO: Published distance: 72.79 cm
2025-12-06 18:56:08,307 [Manager] INFO: Consensus = 73.00 cm using median (3 nodes), active_nodes=3
2025-12-06 18:56:08,376 [Node1] INFO: Published distance: 76.20 cm
2025-12-06 18:56:08,491 [Node2] INFO: Published distance: 75.50 cm
2025-12-06 18:56:08,609 [Node3] INFO: Published distance: 76.36 cm
2025-12-06 18:56:09,311 [Manager] INFO: Consensus = 76.20 cm using median (3 nodes), active_nodes=3
2025-12-06 18:56:09,390 [Node1] INFO: Published distance: 73.91 cm
2025-12-06 18:56:09,390 [Node1] INFO: Published heartbeat
2025-12-06 18:56:09,504 [Node2] INFO: Published distance: 74.66 cm
2025-12-06 18:56:09,504 [Node2] INFO: Published heartbeat
2025-12-06 18:56:09,572 [Node3] INFO: Published heartbeat
2025-12-06 18:56:09,623 [Node3] INFO: Published distance: 74.49 cm
2025-12-06 18:56:10,315 [Manager] INFO: Consensus = 74.49 cm using median (3 nodes), active_nodes=3
2025-12-06 18:56:10,404 [Node1] INFO: Published distance: 76.53 cm
2025-12-06 18:56:10,518 [Node2] INFO: Published distance: 70.29 cm
2025-12-06 18:56:10,636 [Node3] INFO: Published distance: 73.24 cm
2025-12-06 18:56:11,320 [Manager] INFO: Consensus = 73.24 cm using median (3 nodes), active_nodes=3
2025-12-06 18:56:11,417 [Node1] INFO: Published distance: 78.00 cm
2025-12-06 18:56:11,532 [Node2] INFO: Published distance: 74.49 cm
2025-12-06 18:56:11,650 [Node3] INFO: Published distance: 74.52 cm
2025-12-06 18:56:12,325 [Manager] INFO: Consensus = 74.52 cm using median (3 nodes), active_nodes=3
2025-12-06 18:56:12,432 [Node1] INFO: Published distance: 75.87 cm
2025-12-06 18:56:12,432 [Node1] INFO: Published heartbeat
2025-12-06 18:56:12,544 [Node2] INFO: Published distance: 77.82 cm
2025-12-06 18:56:12,544 [Node2] INFO: Published heartbeat
2025-12-06 18:56:12,613 [Node3] INFO: Published heartbeat
2025-12-06 18:56:12,665 [Node3] INFO: Published distance: 77.38 cm
2025-12-06 18:56:13,329 [Manager] INFO: Consensus = 77.38 cm using median (3 nodes), active_nodes=3
2025-12-06 18:56:13,447 [Node1] INFO: Published distance: 77.15 cm
2025-12-06 18:56:13,559 [Node2] INFO: Published distance: 79.83 cm
2025-12-06 18:56:13,681 [Node3] INFO: Published distance: 77.21 cm
2025-12-06 18:56:14,339 [Manager] INFO: Consensus = 77.21 cm using median (3 nodes), active_nodes=3
2025-12-06 18:56:14,467 [Node1] INFO: Published distance: 80.63 cm
2025-12-06 18:56:14,592 [Node2] INFO: Published distance: 77.95 cm
2025-12-06 18:56:14,693 [Node3] INFO: Published distance: 74.47 cm
2025-12-06 18:56:15,342 [Manager] INFO: Consensus = 77.95 cm using median (3 nodes), active_nodes=3
2025-12-06 18:56:15,481 [Node1] INFO: Published distance: 70.84 cm
2025-12-06 18:56:15,481 [Node1] INFO: Published heartbeat
2025-12-06 18:56:15,554 [Node2] INFO: Published heartbeat
2025-12-06 18:56:15,605 [Node2] INFO: Published distance: 75.57 cm
2025-12-06 18:56:15,656 [Node3] INFO: Published heartbeat
2025-12-06 18:56:15,707 [Node3] INFO: Published distance: 72.06 cm
2025-12-06 18:56:16,346 [Manager] INFO: Consensus = 72.06 cm using median (3 nodes), active_nodes=3
2025-12-06 18:56:16,503 [Node1] INFO: Published distance: 74.33 cm
2025-12-06 18:56:16,642 [Node2] INFO: Published distance: 73.34 cm
2025-12-06 18:56:16,743 [Node3] INFO: Published distance: 77.01 cm
2025-12-06 18:56:17,351 [Manager] INFO: Consensus = 74.33 cm using median (3 nodes), active_nodes=3
2025-12-06 18:56:17,517 [Node1] INFO: Published distance: 74.30 cm
2025-12-06 18:56:17,655 [Node2] INFO: Published distance: 72.88 cm
2025-12-06 18:56:17,757 [Node3] INFO: Published distance: 77.72 cm
2025-12-06 18:56:18,356 [Manager] INFO: Consensus = 74.30 cm using median (3 nodes), active_nodes=3
2025-12-06 18:56:18,481 [Node1] INFO: Published heartbeat
2025-12-06 18:56:18,532 [Node1] INFO: Published distance: 73.82 cm
2025-12-06 18:56:18,568 [Node2] INFO: Published heartbeat
2025-12-06 18:56:18,669 [Node3] INFO: Published heartbeat
2025-12-06 18:56:18,670 [Node2] INFO: Published distance: 74.10 cm
2025-12-06 18:56:18,771 [Node3] INFO: Published distance: 73.99 cm
2025-12-06 18:56:19,360 [Manager] INFO: Consensus = 73.99 cm using median (3 nodes), active_nodes=3
2025-12-06 18:56:19,546 [Node1] INFO: Published distance: 74.17 cm
2025-12-06 18:56:19,684 [Node2] INFO: Published distance: 72.13 cm
2025-12-06 18:56:19,785 [Node3] INFO: Published distance: 78.31 cm
2025-12-06 18:56:20,364 [Manager] INFO: Consensus = 74.17 cm using median (3 nodes), active_nodes=3
2025-12-06 18:56:20,559 [Node1] INFO: Published distance: 78.17 cm
2025-12-06 18:56:20,697 [Node2] INFO: Published distance: 77.53 cm
2025-12-06 18:56:20,798 [Node3] INFO: Published distance: 71.67 cm
2025-12-06 18:56:21,368 [Manager] INFO: Consensus = 77.53 cm using median (3 nodes), active_nodes=3
2025-12-06 18:56:21,519 [Node1] INFO: Published heartbeat
2025-12-06 18:56:21,570 [Node1] INFO: Published distance: 76.22 cm
2025-12-06 18:56:21,610 [Node2] INFO: Published heartbeat
2025-12-06 18:56:21,712 [Node3] INFO: Published heartbeat
2025-12-06 18:56:21,712 [Node2] INFO: Published distance: 75.08 cm
2025-12-06 18:56:21,815 [Node3] INFO: Published distance: 74.43 cm
2025-12-06 18:56:22,371 [Manager] INFO: Consensus = 75.08 cm using median (3 nodes), active_nodes=3
2025-12-06 18:56:22,586 [Node1] INFO: Published distance: 76.72 cm
2025-12-06 18:56:22,726 [Node2] INFO: Published distance: 74.01 cm
2025-12-06 18:56:22,827 [Node3] INFO: Published distance: 76.10 cm
2025-12-06 18:56:23,375 [Manager] INFO: Consensus = 76.10 cm using median (3 nodes), active_nodes=3
2025-12-06 18:56:23,600 [Node1] INFO: Published distance: 74.41 cm
2025-12-06 18:56:23,740 [Node2] INFO: Published distance: 73.12 cm
2025-12-06 18:56:23,842 [Node3] INFO: Published distance: 73.87 cm
2025-12-06 18:56:24,380 [Manager] INFO: Consensus = 73.87 cm using median (3 nodes), active_nodes=3
2025-12-06 18:56:24,561 [Node1] INFO: Published heartbeat
2025-12-06 18:56:24,612 [Node1] INFO: Published distance: 73.68 cm
2025-12-06 18:56:24,652 [Node2] INFO: Published heartbeat
2025-12-06 18:56:24,754 [Node2] INFO: Published distance: 76.34 cm
2025-12-06 18:56:24,754 [Node3] INFO: Published heartbeat
2025-12-06 18:56:24,856 [Node3] INFO: Published distance: 77.40 cm
2025-12-06 18:56:25,384 [Manager] INFO: Consensus = 76.34 cm using median (3 nodes), active_nodes=3
2025-12-06 18:56:25,624 [Node1] INFO: Published distance: 75.28 cm
2025-12-06 18:56:25,768 [Node2] INFO: Published distance: 71.67 cm
2025-12-06 18:56:25,870 [Node3] INFO: Published distance: 78.67 cm
2025-12-06 18:56:26,388 [Manager] INFO: Consensus = 75.28 cm using median (3 nodes), active_nodes=3
2025-12-06 18:56:26,638 [Node1] INFO: Published distance: 79.62 cm
2025-12-06 18:56:26,782 [Node2] INFO: Published distance: 75.86 cm
2025-12-06 18:56:26,883 [Node3] INFO: Published distance: 79.03 cm
2025-12-06 18:56:27,392 [Manager] INFO: Consensus = 79.03 cm using median (3 nodes), active_nodes=3
2025-12-06 18:56:27,602 [Node1] INFO: Published heartbeat
2025-12-06 18:56:27,652 [Node1] INFO: Published distance: 76.89 cm
2025-12-06 18:56:27,695 [Node2] INFO: Published heartbeat
2025-12-06 18:56:27,796 [Node3] INFO: Published heartbeat
2025-12-06 18:56:27,796 [Node2] INFO: Published distance: 73.60 cm
2025-12-06 18:56:27,898 [Node3] INFO: Published distance: 73.03 cm
2025-12-06 18:56:28,396 [Manager] INFO: Consensus = 73.60 cm using median (3 nodes), active_nodes=3
2025-12-06 18:56:28,667 [Node1] INFO: Published distance: 74.88 cm
2025-12-06 18:56:28,811 [Node2] INFO: Published distance: 71.87 cm
2025-12-06 18:56:28,912 [Node3] INFO: Published distance: 74.61 cm
2025-12-06 18:56:29,400 [Manager] INFO: Consensus = 74.61 cm using median (3 nodes), active_nodes=3
2025-12-06 18:56:29,680 [Node1] INFO: Published distance: 73.80 cm
2025-12-06 18:56:29,854 [Node2] INFO: Published distance: 73.37 cm
2025-12-06 18:56:29,933 [Node3] INFO: Published distance: 76.89 cm
2025-12-06 18:56:30,404 [Manager] INFO: Consensus = 73.80 cm using median (3 nodes), active_nodes=3
2025-12-06 18:56:30,644 [Node1] INFO: Published heartbeat
2025-12-06 18:56:30,695 [Node1] INFO: Published distance: 74.63 cm
2025-12-06 18:56:30,716 [Node2] INFO: Published heartbeat
2025-12-06 18:56:30,846 [Node3] INFO: Published heartbeat
2025-12-06 18:56:30,868 [Node2] INFO: Published distance: 76.99 cm
2025-12-06 18:56:30,947 [Node3] INFO: Published distance: 74.94 cm
2025-12-06 18:56:31,408 [Manager] INFO: Consensus = 74.94 cm using median (3 nodes), active_nodes=3
2025-12-06 18:56:31,706 [Node1] INFO: Published distance: 76.33 cm
2025-12-06 18:56:31,882 [Node2] INFO: Published distance: 71.94 cm
2025-12-06 18:56:31,960 [Node3] INFO: Published distance: 76.39 cm
2025-12-06 18:56:32,412 [Manager] INFO: Consensus = 76.33 cm using median (3 nodes), active_nodes=3
2025-12-06 18:56:32,718 [Node1] INFO: Published distance: 74.23 cm
2025-12-06 18:56:32,895 [Node2] INFO: Published distance: 73.61 cm
2025-12-06 18:56:32,973 [Node3] INFO: Published distance: 73.61 cm
2025-12-06 18:56:33,417 [Manager] INFO: Consensus = 73.61 cm using median (3 nodes), active_nodes=3
2025-12-06 18:56:33,681 [Node1] INFO: Published heartbeat
2025-12-06 18:56:33,733 [Node1] INFO: Published distance: 74.34 cm
2025-12-06 18:56:33,758 [Node2] INFO: Published heartbeat
2025-12-06 18:56:33,883 [Node3] INFO: Published heartbeat
2025-12-06 18:56:33,910 [Node2] INFO: Published distance: 72.78 cm
2025-12-06 18:56:33,985 [Node3] INFO: Published distance: 73.59 cm
2025-12-06 18:56:34,421 [Manager] INFO: Consensus = 73.59 cm using median (3 nodes), active_nodes=3
2025-12-06 18:56:34,743 [Node1] INFO: Published distance: 75.06 cm
2025-12-06 18:56:34,922 [Node2] INFO: Published distance: 73.98 cm
2025-12-06 18:56:34,996 [Node3] INFO: Published distance: 75.91 cm
2025-12-06 18:56:35,424 [Manager] INFO: Consensus = 75.06 cm using median (3 nodes), active_nodes=3
2025-12-06 18:56:35,756 [Node1] INFO: Published distance: 74.29 cm
2025-12-06 18:56:35,936 [Node2] INFO: Published distance: 76.52 cm
2025-12-06 18:56:36,010 [Node3] INFO: Published distance: 76.43 cm
2025-12-06 18:56:36,427 [Manager] INFO: Consensus = 76.43 cm using median (3 nodes), active_nodes=3
2025-12-06 18:56:36,719 [Node1] INFO: Published heartbeat
2025-12-06 18:56:36,770 [Node1] INFO: Published distance: 75.51 cm
2025-12-06 18:56:36,799 [Node2] INFO: Published heartbeat
2025-12-06 18:56:36,923 [Node3] INFO: Published heartbeat
2025-12-06 18:56:36,951 [Node2] INFO: Published distance: 75.26 cm
2025-12-06 18:56:37,025 [Node3] INFO: Published distance: 74.88 cm
2025-12-06 18:56:37,430 [Manager] INFO: Consensus = 75.26 cm using median (3 nodes), active_nodes=3
2025-12-06 18:56:37,783 [Node1] INFO: Published distance: 75.07 cm
2025-12-06 18:56:37,964 [Node2] INFO: Published distance: 78.78 cm
2025-12-06 18:56:38,038 [Node3] INFO: Published distance: 76.51 cm
2025-12-06 18:56:38,434 [Manager] INFO: Consensus = 76.51 cm using median (3 nodes), active_nodes=3
2025-12-06 18:56:38,797 [Node1] INFO: Published distance: 76.90 cm
2025-12-06 18:56:38,978 [Node2] INFO: Published distance: 78.59 cm
2025-12-06 18:56:39,050 [Node3] INFO: Published distance: 76.27 cm
2025-12-06 18:56:39,438 [Manager] INFO: Consensus = 76.90 cm using median (3 nodes), active_nodes=3
2025-12-06 18:56:39,760 [Node1] INFO: Published heartbeat
2025-12-06 18:56:39,811 [Node1] INFO: Published distance: 75.38 cm
2025-12-06 18:56:39,839 [Node2] INFO: Published heartbeat
2025-12-06 18:56:39,962 [Node3] INFO: Published heartbeat
2025-12-06 18:56:39,992 [Node2] INFO: Published distance: 71.45 cm
2025-12-06 18:56:40,064 [Node3] INFO: Published distance: 75.23 cm
2025-12-06 18:56:40,441 [Manager] INFO: Consensus = 75.23 cm using median (3 nodes), active_nodes=3
2025-12-06 18:56:40,824 [Node1] INFO: Published distance: 75.25 cm
2025-12-06 18:56:41,005 [Node2] INFO: Published distance: 72.49 cm
2025-12-06 18:56:41,076 [Node3] INFO: Published distance: 73.37 cm
2025-12-06 18:56:41,446 [Manager] INFO: Consensus = 73.37 cm using median (3 nodes), active_nodes=3
2025-12-06 18:56:41,836 [Node1] INFO: Published distance: 76.22 cm
2025-12-06 18:56:42,019 [Node2] INFO: Published distance: 77.22 cm
2025-12-06 18:56:42,089 [Node3] INFO: Published distance: 75.44 cm
2025-12-06 18:56:42,450 [Manager] INFO: Consensus = 76.22 cm using median (3 nodes), active_nodes=3
2025-12-06 18:56:42,799 [Node1] INFO: Published heartbeat
2025-12-06 18:56:42,850 [Node1] INFO: Published distance: 70.79 cm
2025-12-06 18:56:42,880 [Node2] INFO: Published heartbeat
2025-12-06 18:56:43,001 [Node3] INFO: Published heartbeat
2025-12-06 18:56:43,037 [Node2] INFO: Published distance: 74.73 cm
2025-12-06 18:56:43,102 [Node3] INFO: Published distance: 76.67 cm
2025-12-06 18:56:43,455 [Manager] INFO: Consensus = 74.73 cm using median (3 nodes), active_nodes=3
2025-12-06 18:56:43,862 [Node1] INFO: Published distance: 74.23 cm
2025-12-06 18:56:44,050 [Node2] INFO: Published distance: 76.86 cm
2025-12-06 18:56:44,115 [Node3] INFO: Published distance: 74.33 cm
2025-12-06 18:56:44,459 [Manager] INFO: Consensus = 74.33 cm using median (3 nodes), active_nodes=3
2025-12-06 18:56:44,874 [Node1] INFO: Published distance: 71.47 cm
2025-12-06 18:56:45,060 [Node2] INFO: Published distance: 71.96 cm
2025-12-06 18:56:45,126 [Node3] INFO: Published distance: 72.97 cm
2025-12-06 18:56:45,462 [Manager] INFO: Consensus = 71.96 cm using median (3 nodes), active_nodes=3
2025-12-06 18:56:45,833 [Node1] INFO: Published heartbeat
2025-12-06 18:56:45,885 [Node1] INFO: Published distance: 76.40 cm
2025-12-06 18:56:45,921 [Node2] INFO: Published heartbeat
2025-12-06 18:56:46,036 [Node3] INFO: Published heartbeat
2025-12-06 18:56:46,073 [Node2] INFO: Published distance: 76.59 cm
2025-12-06 18:56:46,138 [Node3] INFO: Published distance: 70.87 cm
2025-12-06 18:56:46,467 [Manager] INFO: Consensus = 76.40 cm using median (3 nodes), active_nodes=3
2025-12-06 18:56:46,898 [Node1] INFO: Published distance: 74.45 cm
2025-12-06 18:56:47,086 [Node2] INFO: Published distance: 76.52 cm
2025-12-06 18:56:47,151 [Node3] INFO: Published distance: 76.88 cm
2025-12-06 18:56:47,471 [Manager] INFO: Consensus = 76.52 cm using median (3 nodes), active_nodes=3
2025-12-06 18:56:47,911 [Node1] INFO: Published distance: 75.77 cm
2025-12-06 18:56:48,099 [Node2] INFO: Published distance: 76.19 cm
2025-12-06 18:56:48,163 [Node3] INFO: Published distance: 74.60 cm
2025-12-06 18:56:48,475 [Manager] INFO: Consensus = 75.77 cm using median (3 nodes), active_nodes=3
2025-12-06 18:56:48,872 [Node1] INFO: Published heartbeat
2025-12-06 18:56:48,923 [Node1] INFO: Published distance: 75.71 cm
2025-12-06 18:56:48,960 [Node2] INFO: Published heartbeat
2025-12-06 18:56:49,074 [Node3] INFO: Published heartbeat
2025-12-06 18:56:49,112 [Node2] INFO: Published distance: 73.58 cm
2025-12-06 18:56:49,175 [Node3] INFO: Published distance: 78.94 cm
2025-12-06 18:56:49,278 [Manager] INFO: Stopping manager
2025-12-06 18:56:49,936 [Node1] INFO: Published distance: 73.46 cm
2025-12-06 18:56:50,123 [Node2] INFO: Published distance: 77.35 cm
2025-12-06 18:56:50,189 [Node3] INFO: Published distance: 71.49 cm
2025-12-06 18:56:50,949 [Node1] INFO: Published distance: 74.20 cm
2025-12-06 18:56:51,137 [Node2] INFO: Published distance: 74.32 cm
2025-12-06 18:56:51,152 [Node1] INFO: Stopping node
2025-12-06 18:56:51,202 [Node3] INFO: Published distance: 73.67 cm
2025-12-06 18:56:51,289 [Node2] INFO: Stopping node
2025-12-06 18:56:51,405 [Node3] INFO: Stopping node
2025-12-06 18:56:52,207 [Experiment] INFO: Finished scenario: Normal Operation
2025-12-06 18:56:52,207 [Experiment] INFO: Summary: {'scenario': 'Normal Operation', 'enable_self_healing': True, 'byzantine_outliers': 0, 'byzantine_quarantines': 0, 'node_failures': 0, 'reboots_sent': 0, 'num_consensus_samples': 57, 'mean_consensus_cm': 75.18043859649123, 'std_consensus_cm': 1.5007782427623708, 'mean_abs_error_cm': 1.2413157894736855}
2025-12-06 18:56:52,207 [Experiment] INFO: Starting scenario: Byzantine Node3
2025-12-06 18:56:52,207 [Manager] INFO: Connecting to MQTT broker...
2025-12-06 18:56:52,337 [Manager] INFO: Starting manager for 60s (self-healing=ON)
2025-12-06 18:56:52,337 [Manager] INFO: No active nodes available for consensus
2025-12-06 18:56:53,346 [Manager] INFO: No active nodes available for consensus
2025-12-06 18:56:54,211 [Node1] INFO: Connecting to MQTT broker...
2025-12-06 18:56:54,320 [Node2] INFO: Connecting to MQTT broker...
2025-12-06 18:56:54,320 [Node1] INFO: Starting node for 60s in mode 'normal'
2025-12-06 18:56:54,320 [Node1] INFO: Published distance: 73.70 cm
2025-12-06 18:56:54,326 [Node1] INFO: Published heartbeat
2025-12-06 18:56:54,349 [Manager] INFO: No active nodes available for consensus
2025-12-06 18:56:54,436 [Node1] INFO: Connected to broker
2025-12-06 18:56:54,437 [Node3] INFO: Connecting to MQTT broker...
2025-12-06 18:56:54,437 [Node1] INFO: Subscribed to command topic: ft_demo/command/1
2025-12-06 18:56:54,437 [Node2] INFO: Starting node for 60s in mode 'normal'
2025-12-06 18:56:54,437 [Node2] INFO: Published distance: 76.28 cm
2025-12-06 18:56:54,437 [Node2] INFO: Published heartbeat
2025-12-06 18:56:54,542 [Node2] INFO: Connected to broker
2025-12-06 18:56:54,550 [Node2] INFO: Subscribed to command topic: ft_demo/command/2
2025-12-06 18:56:54,570 [Node3] INFO: Starting node for 60s in mode 'byzantine'
2025-12-06 18:56:54,571 [Node3] INFO: Published distance: 74.81 cm
2025-12-06 18:56:54,571 [Node3] INFO: Published heartbeat
2025-12-06 18:56:55,338 [Node1] INFO: Published distance: 78.48 cm
2025-12-06 18:56:55,353 [Manager] INFO: No active nodes available for consensus
2025-12-06 18:56:55,453 [Node2] INFO: Published distance: 76.58 cm
2025-12-06 18:56:55,584 [Node3] INFO: Published distance: 111.42 cm
2025-12-06 18:56:56,352 [Node1] INFO: Published distance: 79.38 cm
2025-12-06 18:56:56,357 [Manager] INFO: No active nodes available for consensus
2025-12-06 18:56:56,468 [Node2] INFO: Published distance: 75.35 cm
2025-12-06 18:56:56,596 [Node3] INFO: Published distance: 75.05 cm
2025-12-06 18:56:57,361 [Manager] INFO: No active nodes available for consensus
2025-12-06 18:56:57,365 [Node1] INFO: Published distance: 71.81 cm
2025-12-06 18:56:57,365 [Node1] INFO: Published heartbeat
2025-12-06 18:56:57,481 [Node2] INFO: Published distance: 72.65 cm
2025-12-06 18:56:57,481 [Node2] INFO: Published heartbeat
2025-12-06 18:56:57,544 [Manager] INFO: Connected to broker
2025-12-06 18:56:57,544 [Manager] INFO: Subscribed to distance + heartbeat topics
2025-12-06 18:56:57,626 [Node3] INFO: Published distance: 73.17 cm
2025-12-06 18:56:57,634 [Node3] INFO: Published heartbeat
2025-12-06 18:56:58,365 [Manager] INFO: No active nodes available for consensus
2025-12-06 18:56:58,388 [Node1] INFO: Published distance: 75.34 cm
2025-12-06 18:56:58,493 [Node2] INFO: Published distance: 75.63 cm
2025-12-06 18:56:58,644 [Node3] INFO: Published distance: 71.35 cm
2025-12-06 18:56:59,369 [Manager] INFO: Consensus = 75.48 cm using mean (2 nodes), active_nodes=2
2025-12-06 18:56:59,402 [Node1] INFO: Published distance: 77.79 cm
2025-12-06 18:56:59,508 [Node2] INFO: Published distance: 72.70 cm
2025-12-06 18:56:59,660 [Node3] INFO: Published distance: 73.23 cm
2025-12-06 18:56:59,837 [Node3] INFO: Connected to broker
2025-12-06 18:56:59,837 [Node3] INFO: Subscribed to command topic: ft_demo/command/3
2025-12-06 18:57:00,365 [Node1] INFO: Published heartbeat
2025-12-06 18:57:00,373 [Manager] INFO: Consensus = 73.23 cm using median (3 nodes), active_nodes=3
2025-12-06 18:57:00,417 [Node1] INFO: Published distance: 76.74 cm
2025-12-06 18:57:00,522 [Node2] INFO: Published distance: 73.86 cm
2025-12-06 18:57:00,522 [Node2] INFO: Published heartbeat
2025-12-06 18:57:00,674 [Node3] INFO: Published distance: 76.06 cm
2025-12-06 18:57:00,674 [Node3] INFO: Published heartbeat
2025-12-06 18:57:01,377 [Manager] INFO: Consensus = 76.06 cm using median (3 nodes), active_nodes=3
2025-12-06 18:57:01,431 [Node1] INFO: Published distance: 72.98 cm
2025-12-06 18:57:01,537 [Node2] INFO: Published distance: 75.99 cm
2025-12-06 18:57:01,689 [Node3] INFO: Published distance: 75.08 cm
2025-12-06 18:57:02,380 [Manager] INFO: Consensus = 75.08 cm using median (3 nodes), active_nodes=3
2025-12-06 18:57:02,445 [Node1] INFO: Published distance: 73.69 cm
2025-12-06 18:57:02,551 [Node2] INFO: Published distance: 74.70 cm
2025-12-06 18:57:02,703 [Node3] INFO: Published distance: 71.61 cm
2025-12-06 18:57:03,384 [Manager] INFO: Consensus = 73.69 cm using median (3 nodes), active_nodes=3
2025-12-06 18:57:03,409 [Node1] INFO: Published heartbeat
2025-12-06 18:57:03,460 [Node1] INFO: Published distance: 73.73 cm
2025-12-06 18:57:03,566 [Node2] INFO: Published distance: 73.59 cm
2025-12-06 18:57:03,566 [Node2] INFO: Published heartbeat
2025-12-06 18:57:03,717 [Node3] INFO: Published distance: 74.57 cm
2025-12-06 18:57:03,717 [Node3] INFO: Published heartbeat
2025-12-06 18:57:04,387 [Manager] INFO: Consensus = 73.73 cm using median (3 nodes), active_nodes=3
2025-12-06 18:57:04,473 [Node1] INFO: Published distance: 73.92 cm
2025-12-06 18:57:04,577 [Node2] INFO: Published distance: 74.89 cm
2025-12-06 18:57:04,729 [Node3] INFO: Published distance: 29.15 cm
2025-12-06 18:57:04,990 [Manager] WARNING: Byzantine behavior suspected on Node 3 (value=29.15, median=73.92)
2025-12-06 18:57:05,191 [Manager] WARNING: Byzantine behavior suspected on Node 3 (value=29.15, median=73.92)
2025-12-06 18:57:05,392 [Manager] WARNING: Byzantine behavior suspected on Node 3 (value=29.15, median=73.92)
2025-12-06 18:57:05,392 [Manager] WARNING: Node 3 QUARANTINED
2025-12-06 18:57:05,392 [Manager] INFO: Sent command 'QUARANTINE' to Node 3
2025-12-06 18:57:05,392 [Manager] INFO: Consensus = 74.41 cm using mean (2 nodes), active_nodes=2
2025-12-06 18:57:05,487 [Node1] INFO: Published distance: 73.30 cm
2025-12-06 18:57:05,508 [Node3] INFO: Received command: QUARANTINE
2025-12-06 18:57:05,508 [Node3] WARNING: Entering quarantine (stop publishing)
2025-12-06 18:57:05,591 [Node2] INFO: Published distance: 73.73 cm
2025-12-06 18:57:06,398 [Manager] INFO: Consensus = 73.52 cm using mean (2 nodes), active_nodes=2
2025-12-06 18:57:06,451 [Node1] INFO: Published heartbeat
2025-12-06 18:57:06,502 [Node1] INFO: Published distance: 76.15 cm
2025-12-06 18:57:06,606 [Node2] INFO: Published distance: 75.97 cm
2025-12-06 18:57:06,606 [Node2] INFO: Published heartbeat
2025-12-06 18:57:07,402 [Manager] INFO: Consensus = 76.06 cm using mean (2 nodes), active_nodes=2
2025-12-06 18:57:07,517 [Node1] INFO: Published distance: 74.98 cm
2025-12-06 18:57:07,620 [Node2] INFO: Published distance: 73.77 cm
2025-12-06 18:57:08,406 [Manager] INFO: Consensus = 74.38 cm using mean (2 nodes), active_nodes=2
2025-12-06 18:57:08,531 [Node1] INFO: Published distance: 74.52 cm
2025-12-06 18:57:08,635 [Node2] INFO: Published distance: 76.14 cm
2025-12-06 18:57:09,410 [Manager] INFO: Consensus = 75.33 cm using mean (2 nodes), active_nodes=2
2025-12-06 18:57:09,493 [Node1] INFO: Published heartbeat
2025-12-06 18:57:09,544 [Node1] INFO: Published distance: 73.65 cm
2025-12-06 18:57:09,649 [Node2] INFO: Published distance: 72.79 cm
2025-12-06 18:57:09,650 [Node2] INFO: Published heartbeat
2025-12-06 18:57:10,415 [Manager] INFO: Consensus = 73.22 cm using mean (2 nodes), active_nodes=2
2025-12-06 18:57:10,558 [Node1] INFO: Published distance: 75.76 cm
2025-12-06 18:57:10,663 [Node2] INFO: Published distance: 73.90 cm
2025-12-06 18:57:11,418 [Manager] INFO: Consensus = 74.83 cm using mean (2 nodes), active_nodes=2
2025-12-06 18:57:11,572 [Node1] INFO: Published distance: 68.85 cm
2025-12-06 18:57:11,678 [Node2] INFO: Published distance: 76.32 cm
2025-12-06 18:57:12,423 [Manager] INFO: Consensus = 72.58 cm using mean (2 nodes), active_nodes=2
2025-12-06 18:57:12,534 [Node1] INFO: Published heartbeat
2025-12-06 18:57:12,585 [Node1] INFO: Published distance: 72.90 cm
2025-12-06 18:57:12,693 [Node2] INFO: Published distance: 73.58 cm
2025-12-06 18:57:12,694 [Node2] INFO: Published heartbeat
2025-12-06 18:57:13,426 [Manager] INFO: Consensus = 73.24 cm using mean (2 nodes), active_nodes=2
2025-12-06 18:57:13,599 [Node1] INFO: Published distance: 74.71 cm
2025-12-06 18:57:13,708 [Node2] INFO: Published distance: 76.17 cm
2025-12-06 18:57:14,430 [Manager] INFO: Consensus = 75.44 cm using mean (2 nodes), active_nodes=2
2025-12-06 18:57:14,611 [Node1] INFO: Published distance: 75.28 cm
2025-12-06 18:57:14,725 [Node2] INFO: Published distance: 76.29 cm
2025-12-06 18:57:15,433 [Manager] INFO: Consensus = 75.78 cm using mean (2 nodes), active_nodes=2
2025-12-06 18:57:15,575 [Node1] INFO: Published heartbeat
2025-12-06 18:57:15,626 [Node1] INFO: Published distance: 75.04 cm
2025-12-06 18:57:15,739 [Node2] INFO: Published distance: 76.78 cm
2025-12-06 18:57:15,739 [Node2] INFO: Published heartbeat
2025-12-06 18:57:16,438 [Manager] INFO: Consensus = 75.91 cm using mean (2 nodes), active_nodes=2
2025-12-06 18:57:16,640 [Node1] INFO: Published distance: 74.62 cm
2025-12-06 18:57:16,754 [Node2] INFO: Published distance: 75.19 cm
2025-12-06 18:57:17,441 [Manager] INFO: Consensus = 74.91 cm using mean (2 nodes), active_nodes=2
2025-12-06 18:57:17,654 [Node1] INFO: Published distance: 69.64 cm
2025-12-06 18:57:17,766 [Node2] INFO: Published distance: 68.74 cm
2025-12-06 18:57:18,446 [Manager] INFO: Consensus = 69.19 cm using mean (2 nodes), active_nodes=2
2025-12-06 18:57:18,618 [Node1] INFO: Published heartbeat
2025-12-06 18:57:18,669 [Node1] INFO: Published distance: 74.50 cm
2025-12-06 18:57:18,780 [Node2] INFO: Published distance: 78.15 cm
2025-12-06 18:57:18,780 [Node2] INFO: Published heartbeat
2025-12-06 18:57:19,450 [Manager] INFO: Consensus = 76.33 cm using mean (2 nodes), active_nodes=2
2025-12-06 18:57:19,684 [Node1] INFO: Published distance: 76.47 cm
2025-12-06 18:57:19,796 [Node2] INFO: Published distance: 75.18 cm
2025-12-06 18:57:20,453 [Manager] INFO: Consensus = 75.83 cm using mean (2 nodes), active_nodes=2
2025-12-06 18:57:20,696 [Node1] INFO: Published distance: 73.75 cm
2025-12-06 18:57:20,810 [Node2] INFO: Published distance: 74.79 cm
2025-12-06 18:57:21,458 [Manager] INFO: Consensus = 74.27 cm using mean (2 nodes), active_nodes=2
2025-12-06 18:57:21,657 [Node1] INFO: Published heartbeat
2025-12-06 18:57:21,708 [Node1] INFO: Published distance: 76.09 cm
2025-12-06 18:57:21,823 [Node2] INFO: Published distance: 77.57 cm
2025-12-06 18:57:21,823 [Node2] INFO: Published heartbeat
2025-12-06 18:57:22,462 [Manager] INFO: Consensus = 76.83 cm using mean (2 nodes), active_nodes=2
2025-12-06 18:57:22,723 [Node1] INFO: Published distance: 72.46 cm
2025-12-06 18:57:22,836 [Node2] INFO: Published distance: 74.93 cm
2025-12-06 18:57:23,466 [Manager] INFO: Consensus = 73.69 cm using mean (2 nodes), active_nodes=2
2025-12-06 18:57:23,739 [Node1] INFO: Published distance: 70.67 cm
2025-12-06 18:57:23,859 [Node2] INFO: Published distance: 77.22 cm
2025-12-06 18:57:24,470 [Manager] INFO: Consensus = 73.94 cm using mean (2 nodes), active_nodes=2
2025-12-06 18:57:24,700 [Node1] INFO: Published heartbeat
2025-12-06 18:57:24,751 [Node1] INFO: Published distance: 73.12 cm
2025-12-06 18:57:24,870 [Node2] INFO: Published distance: 73.22 cm
2025-12-06 18:57:24,870 [Node2] INFO: Published heartbeat
2025-12-06 18:57:25,474 [Manager] INFO: Consensus = 73.17 cm using mean (2 nodes), active_nodes=2
2025-12-06 18:57:25,765 [Node1] INFO: Published distance: 72.15 cm
2025-12-06 18:57:25,886 [Node2] INFO: Published distance: 77.11 cm
2025-12-06 18:57:26,478 [Manager] INFO: Consensus = 74.63 cm using mean (2 nodes), active_nodes=2
2025-12-06 18:57:26,781 [Node1] INFO: Published distance: 75.18 cm
2025-12-06 18:57:26,900 [Node2] INFO: Published distance: 73.63 cm
2025-12-06 18:57:27,482 [Manager] INFO: Consensus = 74.41 cm using mean (2 nodes), active_nodes=2
2025-12-06 18:57:27,743 [Node1] INFO: Published heartbeat
2025-12-06 18:57:27,794 [Node1] INFO: Published distance: 77.95 cm
2025-12-06 18:57:27,912 [Node2] INFO: Published distance: 70.79 cm
2025-12-06 18:57:27,912 [Node2] INFO: Published heartbeat
2025-12-06 18:57:28,485 [Manager] INFO: Consensus = 74.37 cm using mean (2 nodes), active_nodes=2
2025-12-06 18:57:28,806 [Node1] INFO: Published distance: 74.02 cm
2025-12-06 18:57:28,923 [Node2] INFO: Published distance: 74.95 cm
2025-12-06 18:57:29,489 [Manager] INFO: Consensus = 74.48 cm using mean (2 nodes), active_nodes=2
2025-12-06 18:57:29,819 [Node1] INFO: Published distance: 75.20 cm
2025-12-06 18:57:29,936 [Node2] INFO: Published distance: 74.19 cm
2025-12-06 18:57:30,493 [Manager] INFO: Consensus = 74.69 cm using mean (2 nodes), active_nodes=2
2025-12-06 18:57:30,781 [Node1] INFO: Published heartbeat
2025-12-06 18:57:30,832 [Node1] INFO: Published distance: 74.64 cm
2025-12-06 18:57:30,948 [Node2] INFO: Published distance: 78.55 cm
2025-12-06 18:57:30,948 [Node2] INFO: Published heartbeat
2025-12-06 18:57:31,497 [Manager] INFO: Consensus = 76.59 cm using mean (2 nodes), active_nodes=2
2025-12-06 18:57:31,844 [Node1] INFO: Published distance: 72.39 cm
2025-12-06 18:57:31,963 [Node2] INFO: Published distance: 76.65 cm
2025-12-06 18:57:32,501 [Manager] INFO: Consensus = 74.52 cm using mean (2 nodes), active_nodes=2
2025-12-06 18:57:32,857 [Node1] INFO: Published distance: 75.39 cm
2025-12-06 18:57:32,977 [Node2] INFO: Published distance: 77.76 cm
2025-12-06 18:57:33,505 [Manager] INFO: Consensus = 76.58 cm using mean (2 nodes), active_nodes=2
2025-12-06 18:57:33,820 [Node1] INFO: Published heartbeat
2025-12-06 18:57:33,871 [Node1] INFO: Published distance: 71.38 cm
2025-12-06 18:57:33,990 [Node2] INFO: Published distance: 74.49 cm
2025-12-06 18:57:33,990 [Node2] INFO: Published heartbeat
2025-12-06 18:57:34,509 [Manager] INFO: Consensus = 72.94 cm using mean (2 nodes), active_nodes=2
2025-12-06 18:57:34,883 [Node1] INFO: Published distance: 75.45 cm
2025-12-06 18:57:35,003 [Node2] INFO: Published distance: 73.79 cm
2025-12-06 18:57:35,514 [Manager] INFO: Consensus = 74.62 cm using mean (2 nodes), active_nodes=2
2025-12-06 18:57:35,895 [Node1] INFO: Published distance: 73.06 cm
2025-12-06 18:57:36,019 [Node2] INFO: Published distance: 75.93 cm
2025-12-06 18:57:36,517 [Manager] INFO: Consensus = 74.50 cm using mean (2 nodes), active_nodes=2
2025-12-06 18:57:36,859 [Node1] INFO: Published heartbeat
2025-12-06 18:57:36,910 [Node1] INFO: Published distance: 75.22 cm
2025-12-06 18:57:37,032 [Node2] INFO: Published distance: 73.30 cm
2025-12-06 18:57:37,032 [Node2] INFO: Published heartbeat
2025-12-06 18:57:37,520 [Manager] INFO: Consensus = 74.26 cm using mean (2 nodes), active_nodes=2
2025-12-06 18:57:37,921 [Node1] INFO: Published distance: 73.36 cm
2025-12-06 18:57:38,046 [Node2] INFO: Published distance: 75.78 cm
2025-12-06 18:57:38,524 [Manager] INFO: Consensus = 74.57 cm using mean (2 nodes), active_nodes=2
2025-12-06 18:57:38,936 [Node1] INFO: Published distance: 76.69 cm
2025-12-06 18:57:39,060 [Node2] INFO: Published distance: 76.25 cm
2025-12-06 18:57:39,528 [Manager] INFO: Consensus = 76.47 cm using mean (2 nodes), active_nodes=2
2025-12-06 18:57:39,900 [Node1] INFO: Published heartbeat
2025-12-06 18:57:39,951 [Node1] INFO: Published distance: 77.23 cm
2025-12-06 18:57:40,072 [Node2] INFO: Published distance: 74.43 cm
2025-12-06 18:57:40,072 [Node2] INFO: Published heartbeat
2025-12-06 18:57:40,532 [Manager] INFO: Consensus = 75.83 cm using mean (2 nodes), active_nodes=2
2025-12-06 18:57:40,966 [Node1] INFO: Published distance: 71.79 cm
2025-12-06 18:57:41,086 [Node2] INFO: Published distance: 73.51 cm
2025-12-06 18:57:41,536 [Manager] INFO: Consensus = 72.65 cm using mean (2 nodes), active_nodes=2
2025-12-06 18:57:41,986 [Node1] INFO: Published distance: 77.77 cm
2025-12-06 18:57:42,109 [Node2] INFO: Published distance: 73.49 cm
2025-12-06 18:57:42,541 [Manager] INFO: Consensus = 75.63 cm using mean (2 nodes), active_nodes=2
2025-12-06 18:57:42,949 [Node1] INFO: Published heartbeat
2025-12-06 18:57:43,000 [Node1] INFO: Published distance: 77.62 cm
2025-12-06 18:57:43,074 [Node2] INFO: Published heartbeat
2025-12-06 18:57:43,125 [Node2] INFO: Published distance: 77.46 cm
2025-12-06 18:57:43,545 [Manager] INFO: Consensus = 77.54 cm using mean (2 nodes), active_nodes=2
2025-12-06 18:57:44,015 [Node1] INFO: Published distance: 76.46 cm
2025-12-06 18:57:44,139 [Node2] INFO: Published distance: 74.47 cm
2025-12-06 18:57:44,548 [Manager] INFO: Consensus = 75.47 cm using mean (2 nodes), active_nodes=2
2025-12-06 18:57:45,026 [Node1] INFO: Published distance: 73.60 cm
2025-12-06 18:57:45,149 [Node2] INFO: Published distance: 75.35 cm
2025-12-06 18:57:45,553 [Manager] INFO: Consensus = 74.47 cm using mean (2 nodes), active_nodes=2
2025-12-06 18:57:45,989 [Node1] INFO: Published heartbeat
2025-12-06 18:57:46,040 [Node1] INFO: Published distance: 75.10 cm
2025-12-06 18:57:46,113 [Node2] INFO: Published heartbeat
2025-12-06 18:57:46,164 [Node2] INFO: Published distance: 78.38 cm
2025-12-06 18:57:46,558 [Manager] INFO: Consensus = 76.74 cm using mean (2 nodes), active_nodes=2
2025-12-06 18:57:47,054 [Node1] INFO: Published distance: 73.98 cm
2025-12-06 18:57:47,178 [Node2] INFO: Published distance: 74.29 cm
2025-12-06 18:57:47,562 [Manager] INFO: Consensus = 74.14 cm using mean (2 nodes), active_nodes=2
2025-12-06 18:57:48,068 [Node1] INFO: Published distance: 71.93 cm
2025-12-06 18:57:48,194 [Node2] INFO: Published distance: 74.16 cm
2025-12-06 18:57:48,566 [Manager] INFO: Consensus = 73.05 cm using mean (2 nodes), active_nodes=2
2025-12-06 18:57:49,030 [Node1] INFO: Published heartbeat
2025-12-06 18:57:49,081 [Node1] INFO: Published distance: 74.63 cm
2025-12-06 18:57:49,155 [Node2] INFO: Published heartbeat
2025-12-06 18:57:49,206 [Node2] INFO: Published distance: 75.39 cm
2025-12-06 18:57:49,569 [Manager] INFO: Consensus = 75.01 cm using mean (2 nodes), active_nodes=2
2025-12-06 18:57:50,095 [Node1] INFO: Published distance: 71.43 cm
2025-12-06 18:57:50,219 [Node2] INFO: Published distance: 74.20 cm
2025-12-06 18:57:50,574 [Manager] INFO: Consensus = 72.81 cm using mean (2 nodes), active_nodes=2
2025-12-06 18:57:51,109 [Node1] INFO: Published distance: 73.25 cm
2025-12-06 18:57:51,234 [Node2] INFO: Published distance: 74.96 cm
2025-12-06 18:57:51,578 [Manager] INFO: Consensus = 74.10 cm using mean (2 nodes), active_nodes=2
2025-12-06 18:57:52,072 [Node1] INFO: Published heartbeat
2025-12-06 18:57:52,123 [Node1] INFO: Published distance: 75.24 cm
2025-12-06 18:57:52,197 [Node2] INFO: Published heartbeat
2025-12-06 18:57:52,249 [Node2] INFO: Published distance: 72.91 cm
2025-12-06 18:57:52,382 [Manager] INFO: Stopping manager
2025-12-06 18:57:53,136 [Node1] INFO: Published distance: 78.62 cm
2025-12-06 18:57:53,263 [Node2] INFO: Published distance: 77.64 cm
2025-12-06 18:57:54,149 [Node1] INFO: Published distance: 76.93 cm
2025-12-06 18:57:54,276 [Node2] INFO: Published distance: 74.15 cm
2025-12-06 18:57:54,351 [Node1] INFO: Stopping node
2025-12-06 18:57:54,479 [Node2] INFO: Stopping node
2025-12-06 18:57:54,696 [Node3] INFO: Stopping node
2025-12-06 18:57:55,289 [Experiment] INFO: Finished scenario: Byzantine Node3
2025-12-06 18:57:55,289 [Experiment] INFO: Summary: {'scenario': 'Byzantine Node3', 'enable_self_healing': True, 'byzantine_outliers': 3, 'byzantine_quarantines': 1, 'node_failures': 0, 'reboots_sent': 0, 'num_consensus_samples': 53, 'mean_consensus_cm': 74.62622641509434, 'std_consensus_cm': 1.4102143907865525, 'mean_abs_error_cm': 1.1279245283018864}
2025-12-06 18:57:55,289 [Experiment] INFO: Starting scenario: Node1 Failure (no self-healing)
2025-12-06 18:57:55,289 [Manager] INFO: Connecting to MQTT broker...
2025-12-06 18:57:55,419 [Manager] INFO: Starting manager for 60s (self-healing=OFF)
2025-12-06 18:57:55,419 [Manager] INFO: No active nodes available for consensus
2025-12-06 18:57:55,544 [Manager] INFO: Connected to broker
2025-12-06 18:57:55,544 [Manager] INFO: Subscribed to distance + heartbeat topics
2025-12-06 18:57:56,437 [Manager] INFO: No active nodes available for consensus
2025-12-06 18:57:57,294 [Node1] INFO: Connecting to MQTT broker...
2025-12-06 18:57:57,404 [Node2] INFO: Connecting to MQTT broker...
2025-12-06 18:57:57,404 [Node1] INFO: Starting node for 60s in mode 'normal'
2025-12-06 18:57:57,404 [Node1] INFO: Published distance: 75.59 cm
2025-12-06 18:57:57,404 [Node1] INFO: Published heartbeat
2025-12-06 18:57:57,441 [Manager] INFO: No active nodes available for consensus
2025-12-06 18:57:57,520 [Node1] INFO: Connected to broker
2025-12-06 18:57:57,520 [Node1] INFO: Subscribed to command topic: ft_demo/command/1
2025-12-06 18:57:57,520 [Node3] INFO: Connecting to MQTT broker...
2025-12-06 18:57:57,520 [Node2] INFO: Starting node for 60s in mode 'normal'
2025-12-06 18:57:57,520 [Node2] INFO: Published distance: 78.61 cm
2025-12-06 18:57:57,520 [Node2] INFO: Published heartbeat
2025-12-06 18:57:57,636 [Node3] INFO: Starting node for 60s in mode 'normal'
2025-12-06 18:57:57,636 [Node3] INFO: Published distance: 75.20 cm
2025-12-06 18:57:57,636 [Node3] INFO: Published heartbeat
2025-12-06 18:57:58,429 [Node1] INFO: Published distance: 77.69 cm
2025-12-06 18:57:58,445 [Manager] INFO: Consensus = 75.59 cm using single-node fallback, active_nodes=1
2025-12-06 18:57:58,545 [Node2] INFO: Published distance: 71.40 cm
2025-12-06 18:57:58,651 [Node3] INFO: Published distance: 77.28 cm
2025-12-06 18:57:59,443 [Node1] INFO: Published distance: 73.78 cm
2025-12-06 18:57:59,449 [Manager] INFO: Consensus = 77.69 cm using single-node fallback, active_nodes=1
2025-12-06 18:57:59,559 [Node2] INFO: Published distance: 75.85 cm
2025-12-06 18:57:59,664 [Node3] INFO: Published distance: 74.35 cm
2025-12-06 18:58:00,406 [Node1] INFO: Published heartbeat
2025-12-06 18:58:00,453 [Manager] INFO: Consensus = 73.78 cm using single-node fallback, active_nodes=1
2025-12-06 18:58:00,457 [Node1] INFO: Published distance: 75.02 cm
2025-12-06 18:58:00,521 [Node2] INFO: Published heartbeat
2025-12-06 18:58:00,573 [Node2] INFO: Published distance: 75.18 cm
2025-12-06 18:58:00,678 [Node3] INFO: Published distance: 76.83 cm
2025-12-06 18:58:00,678 [Node3] INFO: Published heartbeat
2025-12-06 18:58:01,457 [Manager] INFO: Consensus = 75.02 cm using single-node fallback, active_nodes=1
2025-12-06 18:58:01,472 [Node1] INFO: Published distance: 76.22 cm
2025-12-06 18:58:01,587 [Node2] INFO: Published distance: 73.85 cm
2025-12-06 18:58:01,691 [Node3] INFO: Published distance: 76.68 cm
2025-12-06 18:58:02,461 [Manager] INFO: Consensus = 76.22 cm using single-node fallback, active_nodes=1
2025-12-06 18:58:02,486 [Node1] INFO: Published distance: 74.67 cm
2025-12-06 18:58:02,600 [Node2] INFO: Published distance: 70.83 cm
2025-12-06 18:58:02,704 [Node3] INFO: Published distance: 76.26 cm
2025-12-06 18:58:02,907 [Node2] INFO: Connected to broker
2025-12-06 18:58:02,907 [Node2] INFO: Subscribed to command topic: ft_demo/command/2
2025-12-06 18:58:03,080 [Node3] INFO: Connected to broker
2025-12-06 18:58:03,080 [Node3] INFO: Subscribed to command topic: ft_demo/command/3
2025-12-06 18:58:03,449 [Node1] INFO: Published heartbeat
2025-12-06 18:58:03,466 [Manager] INFO: Consensus = 74.67 cm using median (3 nodes), active_nodes=3
2025-12-06 18:58:03,500 [Node1] INFO: Published distance: 72.55 cm
2025-12-06 18:58:03,563 [Node2] INFO: Published heartbeat
2025-12-06 18:58:03,614 [Node2] INFO: Published distance: 76.52 cm
2025-12-06 18:58:03,716 [Node3] INFO: Published distance: 75.52 cm
2025-12-06 18:58:03,716 [Node3] INFO: Published heartbeat
2025-12-06 18:58:04,470 [Manager] INFO: Consensus = 75.52 cm using median (3 nodes), active_nodes=3
2025-12-06 18:58:04,513 [Node1] INFO: Published distance: 76.70 cm
2025-12-06 18:58:04,626 [Node2] INFO: Published distance: 74.70 cm
2025-12-06 18:58:04,727 [Node3] INFO: Published distance: 76.92 cm
2025-12-06 18:58:05,474 [Manager] INFO: Consensus = 76.70 cm using median (3 nodes), active_nodes=3
2025-12-06 18:58:05,525 [Node1] INFO: Published distance: 78.81 cm
2025-12-06 18:58:05,640 [Node2] INFO: Published distance: 75.10 cm
2025-12-06 18:58:05,741 [Node3] INFO: Published distance: 74.85 cm
2025-12-06 18:58:06,479 [Manager] INFO: Consensus = 75.10 cm using median (3 nodes), active_nodes=3
2025-12-06 18:58:06,489 [Node1] INFO: Published heartbeat
2025-12-06 18:58:06,541 [Node1] INFO: Published distance: 74.64 cm
2025-12-06 18:58:06,602 [Node2] INFO: Published heartbeat
2025-12-06 18:58:06,654 [Node2] INFO: Published distance: 73.54 cm
2025-12-06 18:58:06,754 [Node3] INFO: Published distance: 71.50 cm
2025-12-06 18:58:06,755 [Node3] INFO: Published heartbeat
2025-12-06 18:58:07,483 [Manager] INFO: Consensus = 73.54 cm using median (3 nodes), active_nodes=3
2025-12-06 18:58:07,554 [Node1] INFO: Published distance: 75.26 cm
2025-12-06 18:58:07,667 [Node2] INFO: Published distance: 73.91 cm
2025-12-06 18:58:07,768 [Node3] INFO: Published distance: 74.57 cm
2025-12-06 18:58:08,487 [Manager] INFO: Consensus = 74.57 cm using median (3 nodes), active_nodes=3
2025-12-06 18:58:08,568 [Node1] INFO: Published distance: 72.66 cm
2025-12-06 18:58:08,681 [Node2] INFO: Published distance: 78.09 cm
2025-12-06 18:58:08,783 [Node3] INFO: Published distance: 74.37 cm
2025-12-06 18:58:09,490 [Manager] INFO: Consensus = 74.37 cm using median (3 nodes), active_nodes=3
2025-12-06 18:58:09,532 [Node1] INFO: Published heartbeat
2025-12-06 18:58:09,583 [Node1] INFO: Published distance: 72.07 cm
2025-12-06 18:58:09,644 [Node2] INFO: Published heartbeat
2025-12-06 18:58:09,696 [Node2] INFO: Published distance: 78.65 cm
2025-12-06 18:58:09,796 [Node3] INFO: Published distance: 72.06 cm
2025-12-06 18:58:09,797 [Node3] INFO: Published heartbeat
2025-12-06 18:58:10,494 [Manager] INFO: Consensus = 72.07 cm using median (3 nodes), active_nodes=3
2025-12-06 18:58:10,596 [Node1] INFO: Published distance: 73.18 cm
2025-12-06 18:58:10,708 [Node2] INFO: Published distance: 73.52 cm
2025-12-06 18:58:10,809 [Node3] INFO: Published distance: 76.90 cm
2025-12-06 18:58:11,499 [Manager] INFO: Consensus = 73.52 cm using median (3 nodes), active_nodes=3
2025-12-06 18:58:11,610 [Node1] INFO: Published distance: 73.23 cm
2025-12-06 18:58:11,722 [Node2] INFO: Published distance: 75.88 cm
2025-12-06 18:58:11,824 [Node3] INFO: Published distance: 71.41 cm
2025-12-06 18:58:12,503 [Manager] INFO: Consensus = 73.23 cm using median (3 nodes), active_nodes=3
2025-12-06 18:58:12,577 [Node1] INFO: Published heartbeat
2025-12-06 18:58:12,629 [Node1] INFO: Published distance: 74.63 cm
2025-12-06 18:58:12,689 [Node2] INFO: Published heartbeat
2025-12-06 18:58:12,740 [Node2] INFO: Published distance: 75.45 cm
2025-12-06 18:58:12,840 [Node3] INFO: Published distance: 75.42 cm
2025-12-06 18:58:12,841 [Node3] INFO: Published heartbeat
2025-12-06 18:58:13,507 [Manager] INFO: Consensus = 75.42 cm using median (3 nodes), active_nodes=3
2025-12-06 18:58:13,640 [Node1] INFO: Published distance: 77.63 cm
2025-12-06 18:58:13,752 [Node2] INFO: Published distance: 77.07 cm
2025-12-06 18:58:13,854 [Node3] INFO: Published distance: 77.31 cm
2025-12-06 18:58:14,511 [Manager] INFO: Consensus = 77.31 cm using median (3 nodes), active_nodes=3
2025-12-06 18:58:14,651 [Node1] INFO: Published distance: 74.06 cm
2025-12-06 18:58:14,765 [Node2] INFO: Published distance: 75.44 cm
2025-12-06 18:58:14,866 [Node3] INFO: Published distance: 75.42 cm
2025-12-06 18:58:15,516 [Manager] INFO: Consensus = 75.42 cm using median (3 nodes), active_nodes=3
2025-12-06 18:58:15,614 [Node1] INFO: Published heartbeat
2025-12-06 18:58:15,665 [Node1] INFO: Published distance: 76.74 cm
2025-12-06 18:58:15,726 [Node2] INFO: Published heartbeat
2025-12-06 18:58:15,777 [Node2] INFO: Published distance: 70.23 cm
2025-12-06 18:58:15,878 [Node3] INFO: Published distance: 73.84 cm
2025-12-06 18:58:15,878 [Node3] INFO: Published heartbeat
2025-12-06 18:58:16,520 [Manager] INFO: Consensus = 73.84 cm using median (3 nodes), active_nodes=3
2025-12-06 18:58:16,678 [Node1] INFO: Published distance: 74.24 cm
2025-12-06 18:58:16,792 [Node2] INFO: Published distance: 75.47 cm
2025-12-06 18:58:16,894 [Node3] INFO: Published distance: 74.99 cm
2025-12-06 18:58:17,524 [Manager] INFO: Consensus = 74.99 cm using median (3 nodes), active_nodes=3
2025-12-06 18:58:17,806 [Node2] INFO: Published distance: 73.54 cm
2025-12-06 18:58:17,907 [Node3] INFO: Published distance: 74.18 cm
2025-12-06 18:58:18,528 [Manager] INFO: Consensus = 74.18 cm using median (3 nodes), active_nodes=3
2025-12-06 18:58:18,769 [Node2] INFO: Published heartbeat
2025-12-06 18:58:18,820 [Node2] INFO: Published distance: 73.84 cm
2025-12-06 18:58:18,921 [Node3] INFO: Published distance: 74.24 cm
2025-12-06 18:58:18,921 [Node3] INFO: Published heartbeat
2025-12-06 18:58:19,532 [Manager] INFO: Consensus = 74.24 cm using median (3 nodes), active_nodes=3
2025-12-06 18:58:19,834 [Node2] INFO: Published distance: 76.65 cm
2025-12-06 18:58:19,935 [Node3] INFO: Published distance: 73.52 cm
2025-12-06 18:58:20,535 [Manager] INFO: Consensus = 74.24 cm using median (3 nodes), active_nodes=3
2025-12-06 18:58:20,850 [Node2] INFO: Published distance: 72.60 cm
2025-12-06 18:58:20,951 [Node3] INFO: Published distance: 79.71 cm
2025-12-06 18:58:21,540 [Manager] INFO: Consensus = 74.24 cm using median (3 nodes), active_nodes=3
2025-12-06 18:58:21,814 [Node2] INFO: Published heartbeat
2025-12-06 18:58:21,865 [Node2] INFO: Published distance: 75.63 cm
2025-12-06 18:58:21,965 [Node3] INFO: Published distance: 73.49 cm
2025-12-06 18:58:21,965 [Node3] INFO: Published heartbeat
2025-12-06 18:58:22,544 [Manager] INFO: Consensus = 74.24 cm using median (3 nodes), active_nodes=3
2025-12-06 18:58:22,881 [Node2] INFO: Published distance: 77.11 cm
2025-12-06 18:58:22,982 [Node3] INFO: Published distance: 73.69 cm
2025-12-06 18:58:23,548 [Manager] INFO: Consensus = 74.24 cm using median (3 nodes), active_nodes=3
2025-12-06 18:58:23,894 [Node2] INFO: Published distance: 76.58 cm
2025-12-06 18:58:23,994 [Node3] INFO: Published distance: 75.08 cm
2025-12-06 18:58:24,551 [Manager] INFO: Consensus = 75.08 cm using median (3 nodes), active_nodes=3
2025-12-06 18:58:24,856 [Node2] INFO: Published heartbeat
2025-12-06 18:58:24,907 [Node2] INFO: Published distance: 74.18 cm
2025-12-06 18:58:25,008 [Node3] INFO: Published distance: 71.63 cm
2025-12-06 18:58:25,008 [Node3] INFO: Published heartbeat
2025-12-06 18:58:25,556 [Manager] INFO: Consensus = 74.18 cm using median (3 nodes), active_nodes=3
2025-12-06 18:58:25,758 [Manager] WARNING: Node 1 FAILED (heartbeat timeout)
2025-12-06 18:58:25,920 [Node2] INFO: Published distance: 71.82 cm
2025-12-06 18:58:26,021 [Node3] INFO: Published distance: 72.50 cm
2025-12-06 18:58:26,562 [Manager] INFO: Consensus = 72.16 cm using mean (2 nodes), active_nodes=2
2025-12-06 18:58:26,935 [Node2] INFO: Published distance: 74.92 cm
2025-12-06 18:58:27,036 [Node3] INFO: Published distance: 72.28 cm
2025-12-06 18:58:27,566 [Manager] INFO: Consensus = 73.60 cm using mean (2 nodes), active_nodes=2
2025-12-06 18:58:27,898 [Node2] INFO: Published heartbeat
2025-12-06 18:58:27,949 [Node2] INFO: Published distance: 77.69 cm
2025-12-06 18:58:28,051 [Node3] INFO: Published distance: 74.17 cm
2025-12-06 18:58:28,051 [Node3] INFO: Published heartbeat
2025-12-06 18:58:28,570 [Manager] INFO: Consensus = 75.93 cm using mean (2 nodes), active_nodes=2
2025-12-06 18:58:28,965 [Node2] INFO: Published distance: 72.81 cm
2025-12-06 18:58:29,066 [Node3] INFO: Published distance: 75.31 cm
2025-12-06 18:58:29,574 [Manager] INFO: Consensus = 74.06 cm using mean (2 nodes), active_nodes=2
2025-12-06 18:58:30,012 [Node2] INFO: Published distance: 70.19 cm
2025-12-06 18:58:30,088 [Node3] INFO: Published distance: 73.49 cm
2025-12-06 18:58:30,578 [Manager] INFO: Consensus = 71.84 cm using mean (2 nodes), active_nodes=2
2025-12-06 18:58:30,925 [Node2] INFO: Published heartbeat
2025-12-06 18:58:31,027 [Node2] INFO: Published distance: 75.46 cm
2025-12-06 18:58:31,051 [Node3] INFO: Published heartbeat
2025-12-06 18:58:31,102 [Node3] INFO: Published distance: 70.60 cm
2025-12-06 18:58:31,582 [Manager] INFO: Consensus = 73.03 cm using mean (2 nodes), active_nodes=2
2025-12-06 18:58:32,042 [Node2] INFO: Published distance: 75.33 cm
2025-12-06 18:58:32,114 [Node3] INFO: Published distance: 78.63 cm
2025-12-06 18:58:32,586 [Manager] INFO: Consensus = 76.98 cm using mean (2 nodes), active_nodes=2
2025-12-06 18:58:33,055 [Node2] INFO: Published distance: 77.31 cm
2025-12-06 18:58:33,128 [Node3] INFO: Published distance: 74.00 cm
2025-12-06 18:58:33,591 [Manager] INFO: Consensus = 75.66 cm using mean (2 nodes), active_nodes=2
2025-12-06 18:58:33,967 [Node2] INFO: Published heartbeat
2025-12-06 18:58:34,068 [Node2] INFO: Published distance: 74.62 cm
2025-12-06 18:58:34,091 [Node3] INFO: Published heartbeat
2025-12-06 18:58:34,143 [Node3] INFO: Published distance: 77.78 cm
2025-12-06 18:58:34,594 [Manager] INFO: Consensus = 76.20 cm using mean (2 nodes), active_nodes=2
2025-12-06 18:58:35,080 [Node2] INFO: Published distance: 78.01 cm
2025-12-06 18:58:35,154 [Node3] INFO: Published distance: 73.56 cm
2025-12-06 18:58:35,599 [Manager] INFO: Consensus = 75.78 cm using mean (2 nodes), active_nodes=2
2025-12-06 18:58:36,094 [Node2] INFO: Published distance: 74.56 cm
2025-12-06 18:58:36,167 [Node3] INFO: Published distance: 73.57 cm
2025-12-06 18:58:36,602 [Manager] INFO: Consensus = 74.06 cm using mean (2 nodes), active_nodes=2
2025-12-06 18:58:37,006 [Node2] INFO: Published heartbeat
2025-12-06 18:58:37,108 [Node2] INFO: Published distance: 77.19 cm
2025-12-06 18:58:37,130 [Node3] INFO: Published heartbeat
2025-12-06 18:58:37,181 [Node3] INFO: Published distance: 78.49 cm
2025-12-06 18:58:37,606 [Manager] INFO: Consensus = 77.84 cm using mean (2 nodes), active_nodes=2
2025-12-06 18:58:38,123 [Node2] INFO: Published distance: 77.71 cm
2025-12-06 18:58:38,197 [Node3] INFO: Published distance: 72.72 cm
2025-12-06 18:58:38,610 [Manager] INFO: Consensus = 75.22 cm using mean (2 nodes), active_nodes=2
2025-12-06 18:58:39,136 [Node2] INFO: Published distance: 77.11 cm
2025-12-06 18:58:39,209 [Node3] INFO: Published distance: 74.51 cm
2025-12-06 18:58:39,613 [Manager] INFO: Consensus = 75.81 cm using mean (2 nodes), active_nodes=2
2025-12-06 18:58:40,048 [Node2] INFO: Published heartbeat
2025-12-06 18:58:40,150 [Node2] INFO: Published distance: 75.24 cm
2025-12-06 18:58:40,170 [Node3] INFO: Published heartbeat
2025-12-06 18:58:40,222 [Node3] INFO: Published distance: 73.75 cm
2025-12-06 18:58:40,617 [Manager] INFO: Consensus = 74.50 cm using mean (2 nodes), active_nodes=2
2025-12-06 18:58:41,162 [Node2] INFO: Published distance: 75.31 cm
2025-12-06 18:58:41,230 [Node3] INFO: Published distance: 74.92 cm
2025-12-06 18:58:41,621 [Manager] INFO: Consensus = 75.12 cm using mean (2 nodes), active_nodes=2
2025-12-06 18:58:42,177 [Node2] INFO: Published distance: 78.62 cm
2025-12-06 18:58:42,243 [Node3] INFO: Published distance: 78.89 cm
2025-12-06 18:58:42,625 [Manager] INFO: Consensus = 78.75 cm using mean (2 nodes), active_nodes=2
2025-12-06 18:58:43,087 [Node2] INFO: Published heartbeat
2025-12-06 18:58:43,188 [Node2] INFO: Published distance: 75.27 cm
2025-12-06 18:58:43,203 [Node3] INFO: Published heartbeat
2025-12-06 18:58:43,253 [Node3] INFO: Published distance: 74.43 cm
2025-12-06 18:58:43,627 [Manager] INFO: Consensus = 74.85 cm using mean (2 nodes), active_nodes=2
2025-12-06 18:58:44,200 [Node2] INFO: Published distance: 76.10 cm
2025-12-06 18:58:44,265 [Node3] INFO: Published distance: 74.03 cm
2025-12-06 18:58:44,631 [Manager] INFO: Consensus = 75.06 cm using mean (2 nodes), active_nodes=2
2025-12-06 18:58:45,210 [Node2] INFO: Published distance: 73.02 cm
2025-12-06 18:58:45,275 [Node3] INFO: Published distance: 74.70 cm
2025-12-06 18:58:45,634 [Manager] INFO: Consensus = 73.86 cm using mean (2 nodes), active_nodes=2
2025-12-06 18:58:46,122 [Node2] INFO: Published heartbeat
2025-12-06 18:58:46,224 [Node2] INFO: Published distance: 73.46 cm
2025-12-06 18:58:46,238 [Node3] INFO: Published heartbeat
2025-12-06 18:58:46,289 [Node3] INFO: Published distance: 76.17 cm
2025-12-06 18:58:46,637 [Manager] INFO: Consensus = 74.81 cm using mean (2 nodes), active_nodes=2
2025-12-06 18:58:47,238 [Node2] INFO: Published distance: 74.50 cm
2025-12-06 18:58:47,307 [Node3] INFO: Published distance: 77.99 cm
2025-12-06 18:58:47,641 [Manager] INFO: Consensus = 76.25 cm using mean (2 nodes), active_nodes=2
2025-12-06 18:58:48,251 [Node2] INFO: Published distance: 76.27 cm
2025-12-06 18:58:48,323 [Node3] INFO: Published distance: 72.39 cm
2025-12-06 18:58:48,646 [Manager] INFO: Consensus = 74.33 cm using mean (2 nodes), active_nodes=2
2025-12-06 18:58:49,164 [Node2] INFO: Published heartbeat
2025-12-06 18:58:49,266 [Node2] INFO: Published distance: 72.31 cm
2025-12-06 18:58:49,285 [Node3] INFO: Published heartbeat
2025-12-06 18:58:49,336 [Node3] INFO: Published distance: 76.30 cm
2025-12-06 18:58:49,650 [Manager] INFO: Consensus = 74.31 cm using mean (2 nodes), active_nodes=2
2025-12-06 18:58:50,278 [Node2] INFO: Published distance: 76.85 cm
2025-12-06 18:58:50,347 [Node3] INFO: Published distance: 74.97 cm
2025-12-06 18:58:50,654 [Manager] INFO: Consensus = 75.91 cm using mean (2 nodes), active_nodes=2
2025-12-06 18:58:51,291 [Node2] INFO: Published distance: 74.26 cm
2025-12-06 18:58:51,360 [Node3] INFO: Published distance: 72.60 cm
2025-12-06 18:58:51,659 [Manager] INFO: Consensus = 73.43 cm using mean (2 nodes), active_nodes=2
2025-12-06 18:58:52,203 [Node2] INFO: Published heartbeat
2025-12-06 18:58:52,305 [Node2] INFO: Published distance: 78.17 cm
2025-12-06 18:58:52,324 [Node3] INFO: Published heartbeat
2025-12-06 18:58:52,375 [Node3] INFO: Published distance: 82.24 cm
2025-12-06 18:58:52,663 [Manager] INFO: Consensus = 80.20 cm using mean (2 nodes), active_nodes=2
2025-12-06 18:58:53,318 [Node2] INFO: Published distance: 71.07 cm
2025-12-06 18:58:53,387 [Node3] INFO: Published distance: 70.54 cm
2025-12-06 18:58:53,667 [Manager] INFO: Consensus = 70.81 cm using mean (2 nodes), active_nodes=2
2025-12-06 18:58:54,332 [Node2] INFO: Published distance: 75.35 cm
2025-12-06 18:58:54,399 [Node3] INFO: Published distance: 74.98 cm
2025-12-06 18:58:54,670 [Manager] INFO: Consensus = 75.16 cm using mean (2 nodes), active_nodes=2
2025-12-06 18:58:55,244 [Node2] INFO: Published heartbeat
2025-12-06 18:58:55,346 [Node2] INFO: Published distance: 77.25 cm
2025-12-06 18:58:55,361 [Node3] INFO: Published heartbeat
2025-12-06 18:58:55,412 [Node3] INFO: Published distance: 69.61 cm
2025-12-06 18:58:55,473 [Manager] INFO: Stopping manager
2025-12-06 18:58:56,359 [Node2] INFO: Published distance: 75.58 cm
2025-12-06 18:58:56,427 [Node3] INFO: Published distance: 74.99 cm
2025-12-06 18:58:57,373 [Node2] INFO: Published distance: 72.40 cm
2025-12-06 18:58:57,440 [Node3] INFO: Published distance: 75.85 cm
2025-12-06 18:58:57,489 [Node1] INFO: Stopping node
2025-12-06 18:58:57,526 [Node2] INFO: Stopping node
2025-12-06 18:58:57,643 [Node3] INFO: Stopping node
2025-12-06 18:58:58,446 [Experiment] INFO: Finished scenario: Node1 Failure (no self-healing)
2025-12-06 18:58:58,446 [Experiment] INFO: Summary: {'scenario': 'Node1 Failure (no self-healing)', 'enable_self_healing': False, 'byzantine_outliers': 0, 'byzantine_quarantines': 0, 'node_failures': 1, 'reboots_sent': 0, 'num_consensus_samples': 57, 'mean_consensus_cm': 74.89, 'std_consensus_cm': 1.6165582347431187, 'mean_abs_error_cm': 1.1957894736842105}
2025-12-06 18:58:58,446 [Experiment] INFO: Starting scenario: Node1 Failure + Recovery (self-healing ON)
2025-12-06 18:58:58,446 [Manager] INFO: Connecting to MQTT broker...
2025-12-06 18:58:58,592 [Manager] INFO: Starting manager for 60s (self-healing=ON)
2025-12-06 18:58:58,592 [Manager] INFO: No active nodes available for consensus
2025-12-06 18:58:58,735 [Manager] INFO: Connected to broker
2025-12-06 18:58:58,735 [Manager] INFO: Subscribed to distance + heartbeat topics
2025-12-06 18:58:59,604 [Manager] INFO: No active nodes available for consensus
2025-12-06 18:59:00,451 [Node1] INFO: Connecting to MQTT broker...
2025-12-06 18:59:00,555 [Node2] INFO: Connecting to MQTT broker...
2025-12-06 18:59:00,555 [Node1] INFO: Starting node for 60s in mode 'normal'
2025-12-06 18:59:00,555 [Node1] INFO: Published distance: 71.05 cm
2025-12-06 18:59:00,555 [Node1] INFO: Published heartbeat
2025-12-06 18:59:00,608 [Manager] INFO: No active nodes available for consensus
2025-12-06 18:59:00,670 [Node3] INFO: Connecting to MQTT broker...
2025-12-06 18:59:00,670 [Node2] INFO: Starting node for 60s in mode 'normal'
2025-12-06 18:59:00,670 [Node2] INFO: Published distance: 74.87 cm
2025-12-06 18:59:00,670 [Node2] INFO: Published heartbeat
2025-12-06 18:59:00,785 [Node3] INFO: Starting node for 60s in mode 'normal'
2025-12-06 18:59:00,785 [Node3] INFO: Published distance: 74.52 cm
2025-12-06 18:59:00,785 [Node3] INFO: Published heartbeat
2025-12-06 18:59:00,794 [Node2] INFO: Connected to broker
2025-12-06 18:59:00,794 [Node2] INFO: Subscribed to command topic: ft_demo/command/2
2025-12-06 18:59:00,902 [Node3] INFO: Connected to broker
2025-12-06 18:59:00,902 [Node3] INFO: Subscribed to command topic: ft_demo/command/3
2025-12-06 18:59:01,580 [Node1] INFO: Published distance: 74.36 cm
2025-12-06 18:59:01,613 [Manager] INFO: Consensus = 74.69 cm using mean (2 nodes), active_nodes=2
2025-12-06 18:59:01,695 [Node2] INFO: Published distance: 72.11 cm
2025-12-06 18:59:01,804 [Node3] INFO: Published distance: 76.55 cm
2025-12-06 18:59:02,593 [Node1] INFO: Published distance: 71.71 cm
2025-12-06 18:59:02,616 [Manager] INFO: Consensus = 74.33 cm using mean (2 nodes), active_nodes=2
2025-12-06 18:59:02,706 [Node2] INFO: Published distance: 73.83 cm
2025-12-06 18:59:02,815 [Node3] INFO: Published distance: 75.70 cm
2025-12-06 18:59:03,555 [Node1] INFO: Published heartbeat
2025-12-06 18:59:03,606 [Node1] INFO: Published distance: 74.91 cm
2025-12-06 18:59:03,619 [Manager] INFO: Consensus = 74.77 cm using mean (2 nodes), active_nodes=2
2025-12-06 18:59:03,719 [Node2] INFO: Published distance: 76.64 cm
2025-12-06 18:59:03,719 [Node2] INFO: Published heartbeat
2025-12-06 18:59:03,826 [Node3] INFO: Published distance: 74.70 cm
2025-12-06 18:59:03,826 [Node3] INFO: Published heartbeat
2025-12-06 18:59:04,613 [Node1] INFO: Published distance: 77.05 cm
2025-12-06 18:59:04,621 [Manager] INFO: Consensus = 75.67 cm using mean (2 nodes), active_nodes=2
2025-12-06 18:59:04,726 [Node2] INFO: Published distance: 72.00 cm
2025-12-06 18:59:04,834 [Node3] INFO: Published distance: 78.44 cm
2025-12-06 18:59:05,622 [Node1] INFO: Published distance: 74.17 cm
2025-12-06 18:59:05,625 [Manager] INFO: Consensus = 75.22 cm using mean (2 nodes), active_nodes=2
2025-12-06 18:59:05,735 [Node2] INFO: Published distance: 74.49 cm
2025-12-06 18:59:05,743 [Node1] INFO: Connected to broker
2025-12-06 18:59:05,743 [Node1] INFO: Subscribed to command topic: ft_demo/command/1
2025-12-06 18:59:05,844 [Node3] INFO: Published distance: 77.59 cm
2025-12-06 18:59:06,584 [Node1] INFO: Published heartbeat
2025-12-06 18:59:06,627 [Manager] INFO: Consensus = 74.49 cm using median (3 nodes), active_nodes=3
2025-12-06 18:59:06,635 [Node1] INFO: Published distance: 76.88 cm
2025-12-06 18:59:06,749 [Node2] INFO: Published distance: 75.04 cm
2025-12-06 18:59:06,749 [Node2] INFO: Published heartbeat
2025-12-06 18:59:06,869 [Node3] INFO: Published distance: 76.62 cm
2025-12-06 18:59:06,869 [Node3] INFO: Published heartbeat
2025-12-06 18:59:07,630 [Manager] INFO: Consensus = 76.62 cm using median (3 nodes), active_nodes=3
2025-12-06 18:59:07,649 [Node1] INFO: Published distance: 73.96 cm
2025-12-06 18:59:07,762 [Node2] INFO: Published distance: 79.12 cm
2025-12-06 18:59:07,883 [Node3] INFO: Published distance: 75.62 cm
2025-12-06 18:59:08,634 [Manager] INFO: Consensus = 75.62 cm using median (3 nodes), active_nodes=3
2025-12-06 18:59:08,660 [Node1] INFO: Published distance: 72.20 cm
2025-12-06 18:59:08,774 [Node2] INFO: Published distance: 72.68 cm
2025-12-06 18:59:08,897 [Node3] INFO: Published distance: 74.26 cm
2025-12-06 18:59:09,622 [Node1] INFO: Published heartbeat
2025-12-06 18:59:09,637 [Manager] INFO: Consensus = 72.68 cm using median (3 nodes), active_nodes=3
2025-12-06 18:59:09,674 [Node1] INFO: Published distance: 76.37 cm
2025-12-06 18:59:09,788 [Node2] INFO: Published distance: 75.91 cm
2025-12-06 18:59:09,788 [Node2] INFO: Published heartbeat
2025-12-06 18:59:09,912 [Node3] INFO: Published distance: 76.47 cm
2025-12-06 18:59:09,912 [Node3] INFO: Published heartbeat
2025-12-06 18:59:10,641 [Manager] INFO: Consensus = 76.37 cm using median (3 nodes), active_nodes=3
2025-12-06 18:59:10,686 [Node1] INFO: Published distance: 76.77 cm
2025-12-06 18:59:10,800 [Node2] INFO: Published distance: 75.60 cm
2025-12-06 18:59:10,925 [Node3] INFO: Published distance: 73.48 cm
2025-12-06 18:59:11,645 [Manager] INFO: Consensus = 75.60 cm using median (3 nodes), active_nodes=3
2025-12-06 18:59:11,701 [Node1] INFO: Published distance: 75.35 cm
2025-12-06 18:59:11,816 [Node2] INFO: Published distance: 77.61 cm
2025-12-06 18:59:11,939 [Node3] INFO: Published distance: 77.55 cm
2025-12-06 18:59:12,649 [Manager] INFO: Consensus = 77.55 cm using median (3 nodes), active_nodes=3
2025-12-06 18:59:12,663 [Node1] INFO: Published heartbeat
2025-12-06 18:59:12,715 [Node1] INFO: Published distance: 74.80 cm
2025-12-06 18:59:12,829 [Node2] INFO: Published distance: 75.77 cm
2025-12-06 18:59:12,829 [Node2] INFO: Published heartbeat
2025-12-06 18:59:12,954 [Node3] INFO: Published distance: 75.91 cm
2025-12-06 18:59:12,954 [Node3] INFO: Published heartbeat
2025-12-06 18:59:13,653 [Manager] INFO: Consensus = 75.77 cm using median (3 nodes), active_nodes=3
2025-12-06 18:59:13,727 [Node1] INFO: Published distance: 75.30 cm
2025-12-06 18:59:13,842 [Node2] INFO: Published distance: 78.86 cm
2025-12-06 18:59:13,967 [Node3] INFO: Published distance: 76.69 cm
2025-12-06 18:59:14,657 [Manager] INFO: Consensus = 76.69 cm using median (3 nodes), active_nodes=3
2025-12-06 18:59:14,740 [Node1] INFO: Published distance: 78.04 cm
2025-12-06 18:59:14,852 [Node2] INFO: Published distance: 75.49 cm
2025-12-06 18:59:14,979 [Node3] INFO: Published distance: 78.57 cm
2025-12-06 18:59:15,662 [Manager] INFO: Consensus = 78.04 cm using median (3 nodes), active_nodes=3
2025-12-06 18:59:15,704 [Node1] INFO: Published heartbeat
2025-12-06 18:59:15,755 [Node1] INFO: Published distance: 76.67 cm
2025-12-06 18:59:15,867 [Node2] INFO: Published distance: 75.99 cm
2025-12-06 18:59:15,867 [Node2] INFO: Published heartbeat
2025-12-06 18:59:15,994 [Node3] INFO: Published distance: 75.34 cm
2025-12-06 18:59:15,994 [Node3] INFO: Published heartbeat
2025-12-06 18:59:16,666 [Manager] INFO: Consensus = 75.99 cm using median (3 nodes), active_nodes=3
2025-12-06 18:59:16,770 [Node1] INFO: Published distance: 77.06 cm
2025-12-06 18:59:16,882 [Node2] INFO: Published distance: 77.75 cm
2025-12-06 18:59:17,008 [Node3] INFO: Published distance: 78.16 cm
2025-12-06 18:59:17,671 [Manager] INFO: Consensus = 77.75 cm using median (3 nodes), active_nodes=3
2025-12-06 18:59:17,782 [Node1] INFO: Published distance: 71.63 cm
2025-12-06 18:59:17,896 [Node2] INFO: Published distance: 76.27 cm
2025-12-06 18:59:18,021 [Node3] INFO: Published distance: 75.25 cm
2025-12-06 18:59:18,675 [Manager] INFO: Consensus = 75.25 cm using median (3 nodes), active_nodes=3
2025-12-06 18:59:18,746 [Node1] INFO: Published heartbeat
2025-12-06 18:59:18,797 [Node1] INFO: Published distance: 74.17 cm
2025-12-06 18:59:18,910 [Node2] INFO: Published distance: 76.33 cm
2025-12-06 18:59:18,910 [Node2] INFO: Published heartbeat
2025-12-06 18:59:19,035 [Node3] INFO: Published distance: 74.13 cm
2025-12-06 18:59:19,035 [Node3] INFO: Published heartbeat
2025-12-06 18:59:19,679 [Manager] INFO: Consensus = 74.17 cm using median (3 nodes), active_nodes=3
2025-12-06 18:59:19,811 [Node1] INFO: Published distance: 71.92 cm
2025-12-06 18:59:19,923 [Node2] INFO: Published distance: 75.77 cm
2025-12-06 18:59:20,048 [Node3] INFO: Published distance: 70.48 cm
2025-12-06 18:59:20,682 [Manager] INFO: Consensus = 71.92 cm using median (3 nodes), active_nodes=3
2025-12-06 18:59:20,937 [Node2] INFO: Published distance: 75.89 cm
2025-12-06 18:59:21,062 [Node3] INFO: Published distance: 75.35 cm
2025-12-06 18:59:21,686 [Manager] INFO: Consensus = 75.35 cm using median (3 nodes), active_nodes=3
2025-12-06 18:59:21,950 [Node2] INFO: Published distance: 78.78 cm
2025-12-06 18:59:21,950 [Node2] INFO: Published heartbeat
2025-12-06 18:59:22,077 [Node3] INFO: Published distance: 74.37 cm
2025-12-06 18:59:22,077 [Node3] INFO: Published heartbeat
2025-12-06 18:59:22,690 [Manager] INFO: Consensus = 74.37 cm using median (3 nodes), active_nodes=3
2025-12-06 18:59:22,963 [Node2] INFO: Published distance: 74.57 cm
2025-12-06 18:59:23,101 [Node3] INFO: Published distance: 76.48 cm
2025-12-06 18:59:23,693 [Manager] INFO: Consensus = 74.57 cm using median (3 nodes), active_nodes=3
2025-12-06 18:59:23,976 [Node2] INFO: Published distance: 71.37 cm
2025-12-06 18:59:24,114 [Node3] INFO: Published distance: 75.59 cm
2025-12-06 18:59:24,697 [Manager] INFO: Consensus = 71.92 cm using median (3 nodes), active_nodes=3
2025-12-06 18:59:24,988 [Node2] INFO: Published distance: 71.75 cm
2025-12-06 18:59:24,988 [Node2] INFO: Published heartbeat
2025-12-06 18:59:25,123 [Node3] INFO: Published distance: 74.86 cm
2025-12-06 18:59:25,123 [Node3] INFO: Published heartbeat
2025-12-06 18:59:25,701 [Manager] INFO: Consensus = 71.92 cm using median (3 nodes), active_nodes=3
2025-12-06 18:59:26,005 [Node2] INFO: Published distance: 71.15 cm
2025-12-06 18:59:26,138 [Node3] INFO: Published distance: 73.99 cm
2025-12-06 18:59:26,705 [Manager] INFO: Consensus = 71.92 cm using median (3 nodes), active_nodes=3
2025-12-06 18:59:27,018 [Node2] INFO: Published distance: 77.64 cm
2025-12-06 18:59:27,150 [Node3] INFO: Published distance: 74.84 cm
2025-12-06 18:59:27,709 [Manager] INFO: Consensus = 74.84 cm using median (3 nodes), active_nodes=3
2025-12-06 18:59:28,031 [Node2] INFO: Published distance: 77.41 cm
2025-12-06 18:59:28,031 [Node2] INFO: Published heartbeat
2025-12-06 18:59:28,164 [Node3] INFO: Published distance: 76.94 cm
2025-12-06 18:59:28,164 [Node3] INFO: Published heartbeat
2025-12-06 18:59:28,713 [Manager] INFO: Consensus = 76.94 cm using median (3 nodes), active_nodes=3
2025-12-06 18:59:28,915 [Manager] WARNING: Node 1 FAILED (heartbeat timeout)
2025-12-06 18:59:28,915 [Manager] INFO: Sent command 'REBOOT' to Node 1
2025-12-06 18:59:29,046 [Node2] INFO: Published distance: 75.66 cm
2025-12-06 18:59:29,051 [Node1] INFO: Received command: REBOOT
2025-12-06 18:59:29,051 [Node1] WARNING: Rebooting node...
2025-12-06 18:59:29,178 [Node3] INFO: Published distance: 73.98 cm
2025-12-06 18:59:29,719 [Manager] INFO: Consensus = 74.82 cm using mean (2 nodes), active_nodes=2
2025-12-06 18:59:30,060 [Node2] INFO: Published distance: 75.04 cm
2025-12-06 18:59:30,192 [Node3] INFO: Published distance: 75.19 cm
2025-12-06 18:59:30,722 [Manager] INFO: Consensus = 75.12 cm using mean (2 nodes), active_nodes=2
2025-12-06 18:59:31,073 [Node2] INFO: Published distance: 70.15 cm
2025-12-06 18:59:31,073 [Node2] INFO: Published heartbeat
2025-12-06 18:59:31,205 [Node3] INFO: Published distance: 74.35 cm
2025-12-06 18:59:31,205 [Node3] INFO: Published heartbeat
2025-12-06 18:59:31,726 [Manager] INFO: Consensus = 72.25 cm using mean (2 nodes), active_nodes=2
2025-12-06 18:59:32,086 [Node2] INFO: Published distance: 73.69 cm
2025-12-06 18:59:32,219 [Node3] INFO: Published distance: 71.91 cm
2025-12-06 18:59:32,730 [Manager] INFO: Consensus = 72.80 cm using mean (2 nodes), active_nodes=2
2025-12-06 18:59:33,099 [Node2] INFO: Published distance: 76.13 cm
2025-12-06 18:59:33,231 [Node3] INFO: Published distance: 78.32 cm
2025-12-06 18:59:33,734 [Manager] INFO: Consensus = 77.22 cm using mean (2 nodes), active_nodes=2
2025-12-06 18:59:34,113 [Node2] INFO: Published distance: 70.77 cm
2025-12-06 18:59:34,113 [Node2] INFO: Published heartbeat
2025-12-06 18:59:34,244 [Node3] INFO: Published distance: 72.86 cm
2025-12-06 18:59:34,244 [Node3] INFO: Published heartbeat
2025-12-06 18:59:34,738 [Manager] INFO: Consensus = 71.81 cm using mean (2 nodes), active_nodes=2
2025-12-06 18:59:35,126 [Node2] INFO: Published distance: 72.19 cm
2025-12-06 18:59:35,255 [Node3] INFO: Published distance: 75.79 cm
2025-12-06 18:59:35,741 [Manager] INFO: Consensus = 73.99 cm using mean (2 nodes), active_nodes=2
2025-12-06 18:59:36,141 [Node2] INFO: Published distance: 74.84 cm
2025-12-06 18:59:36,268 [Node3] INFO: Published distance: 74.13 cm
2025-12-06 18:59:36,746 [Manager] INFO: Consensus = 74.48 cm using mean (2 nodes), active_nodes=2
2025-12-06 18:59:37,154 [Node2] INFO: Published distance: 74.67 cm
2025-12-06 18:59:37,154 [Node2] INFO: Published heartbeat
2025-12-06 18:59:37,281 [Node3] INFO: Published distance: 76.72 cm
2025-12-06 18:59:37,281 [Node3] INFO: Published heartbeat
2025-12-06 18:59:37,750 [Manager] INFO: Consensus = 75.69 cm using mean (2 nodes), active_nodes=2
2025-12-06 18:59:38,170 [Node2] INFO: Published distance: 76.16 cm
2025-12-06 18:59:38,296 [Node3] INFO: Published distance: 70.28 cm
2025-12-06 18:59:38,754 [Manager] INFO: Consensus = 73.22 cm using mean (2 nodes), active_nodes=2
2025-12-06 18:59:39,183 [Node2] INFO: Published distance: 74.97 cm
2025-12-06 18:59:39,310 [Node3] INFO: Published distance: 73.83 cm
2025-12-06 18:59:39,758 [Manager] INFO: Consensus = 74.40 cm using mean (2 nodes), active_nodes=2
2025-12-06 18:59:40,195 [Node2] INFO: Published distance: 76.21 cm
2025-12-06 18:59:40,195 [Node2] INFO: Published heartbeat
2025-12-06 18:59:40,323 [Node3] INFO: Published distance: 76.32 cm
2025-12-06 18:59:40,323 [Node3] INFO: Published heartbeat
2025-12-06 18:59:40,762 [Manager] INFO: Consensus = 76.26 cm using mean (2 nodes), active_nodes=2
2025-12-06 18:59:41,210 [Node2] INFO: Published distance: 72.25 cm
2025-12-06 18:59:41,337 [Node3] INFO: Published distance: 74.84 cm
2025-12-06 18:59:41,766 [Manager] INFO: Consensus = 73.55 cm using mean (2 nodes), active_nodes=2
2025-12-06 18:59:42,222 [Node2] INFO: Published distance: 75.34 cm
2025-12-06 18:59:42,352 [Node3] INFO: Published distance: 77.22 cm
2025-12-06 18:59:42,771 [Manager] INFO: Consensus = 76.28 cm using mean (2 nodes), active_nodes=2
2025-12-06 18:59:43,235 [Node2] INFO: Published distance: 75.21 cm
2025-12-06 18:59:43,235 [Node2] INFO: Published heartbeat
2025-12-06 18:59:43,331 [Node3] INFO: Published heartbeat
2025-12-06 18:59:43,383 [Node3] INFO: Published distance: 73.67 cm
2025-12-06 18:59:43,774 [Manager] INFO: Consensus = 74.44 cm using mean (2 nodes), active_nodes=2
2025-12-06 18:59:44,248 [Node2] INFO: Published distance: 76.66 cm
2025-12-06 18:59:44,393 [Node3] INFO: Published distance: 74.31 cm
2025-12-06 18:59:44,777 [Manager] INFO: Consensus = 75.48 cm using mean (2 nodes), active_nodes=2
2025-12-06 18:59:45,259 [Node2] INFO: Published distance: 75.93 cm
2025-12-06 18:59:45,404 [Node3] INFO: Published distance: 73.30 cm
2025-12-06 18:59:45,781 [Manager] INFO: Consensus = 74.62 cm using mean (2 nodes), active_nodes=2
2025-12-06 18:59:46,274 [Node2] INFO: Published distance: 77.64 cm
2025-12-06 18:59:46,274 [Node2] INFO: Published heartbeat
2025-12-06 18:59:46,365 [Node3] INFO: Published heartbeat
2025-12-06 18:59:46,417 [Node3] INFO: Published distance: 76.15 cm
2025-12-06 18:59:46,787 [Manager] INFO: Consensus = 76.90 cm using mean (2 nodes), active_nodes=2
2025-12-06 18:59:47,290 [Node2] INFO: Published distance: 75.49 cm
2025-12-06 18:59:47,431 [Node3] INFO: Published distance: 75.57 cm
2025-12-06 18:59:47,791 [Manager] INFO: Consensus = 75.53 cm using mean (2 nodes), active_nodes=2
2025-12-06 18:59:48,304 [Node2] INFO: Published distance: 73.20 cm
2025-12-06 18:59:48,446 [Node3] INFO: Published distance: 75.63 cm
2025-12-06 18:59:48,795 [Manager] INFO: Consensus = 74.41 cm using mean (2 nodes), active_nodes=2
2025-12-06 18:59:49,318 [Node2] INFO: Published distance: 73.02 cm
2025-12-06 18:59:49,318 [Node2] INFO: Published heartbeat
2025-12-06 18:59:49,408 [Node3] INFO: Published heartbeat
2025-12-06 18:59:49,460 [Node3] INFO: Published distance: 71.43 cm
2025-12-06 18:59:49,800 [Manager] INFO: Consensus = 72.22 cm using mean (2 nodes), active_nodes=2
2025-12-06 18:59:50,329 [Node2] INFO: Published distance: 73.09 cm
2025-12-06 18:59:50,471 [Node3] INFO: Published distance: 77.15 cm
2025-12-06 18:59:50,804 [Manager] INFO: Consensus = 75.12 cm using mean (2 nodes), active_nodes=2
2025-12-06 18:59:51,343 [Node2] INFO: Published distance: 75.85 cm
2025-12-06 18:59:51,485 [Node3] INFO: Published distance: 74.00 cm
2025-12-06 18:59:51,808 [Manager] INFO: Consensus = 74.92 cm using mean (2 nodes), active_nodes=2
2025-12-06 18:59:52,358 [Node2] INFO: Published distance: 76.38 cm
2025-12-06 18:59:52,358 [Node2] INFO: Published heartbeat
2025-12-06 18:59:52,447 [Node3] INFO: Published heartbeat
2025-12-06 18:59:52,499 [Node3] INFO: Published distance: 74.84 cm
2025-12-06 18:59:52,813 [Manager] INFO: Consensus = 75.61 cm using mean (2 nodes), active_nodes=2
2025-12-06 18:59:53,373 [Node2] INFO: Published distance: 76.16 cm
2025-12-06 18:59:53,512 [Node3] INFO: Published distance: 74.87 cm
2025-12-06 18:59:53,817 [Manager] INFO: Consensus = 75.52 cm using mean (2 nodes), active_nodes=2
2025-12-06 18:59:54,386 [Node2] INFO: Published distance: 76.04 cm
2025-12-06 18:59:54,524 [Node3] INFO: Published distance: 72.73 cm
2025-12-06 18:59:54,820 [Manager] INFO: Consensus = 74.39 cm using mean (2 nodes), active_nodes=2
2025-12-06 18:59:55,399 [Node2] INFO: Published distance: 78.56 cm
2025-12-06 18:59:55,399 [Node2] INFO: Published heartbeat
2025-12-06 18:59:55,488 [Node3] INFO: Published heartbeat
2025-12-06 18:59:55,539 [Node3] INFO: Published distance: 76.12 cm
2025-12-06 18:59:55,824 [Manager] INFO: Consensus = 77.34 cm using mean (2 nodes), active_nodes=2
2025-12-06 18:59:56,414 [Node2] INFO: Published distance: 74.17 cm
2025-12-06 18:59:56,551 [Node3] INFO: Published distance: 76.88 cm
2025-12-06 18:59:56,829 [Manager] INFO: Consensus = 75.53 cm using mean (2 nodes), active_nodes=2
2025-12-06 18:59:57,428 [Node2] INFO: Published distance: 73.96 cm
2025-12-06 18:59:57,566 [Node3] INFO: Published distance: 76.11 cm
2025-12-06 18:59:57,833 [Manager] INFO: Consensus = 75.03 cm using mean (2 nodes), active_nodes=2
2025-12-06 18:59:58,441 [Node2] INFO: Published distance: 71.56 cm
2025-12-06 18:59:58,441 [Node2] INFO: Published heartbeat
2025-12-06 18:59:58,529 [Node3] INFO: Published heartbeat
2025-12-06 18:59:58,581 [Node3] INFO: Published distance: 72.89 cm
2025-12-06 18:59:58,636 [Manager] INFO: Stopping manager
2025-12-06 18:59:59,456 [Node2] INFO: Published distance: 74.26 cm
2025-12-06 18:59:59,595 [Node3] INFO: Published distance: 76.44 cm
2025-12-06 19:00:00,469 [Node2] INFO: Published distance: 73.40 cm
2025-12-06 19:00:00,609 [Node3] INFO: Published distance: 75.91 cm
2025-12-06 19:00:00,626 [Node1] INFO: Stopping node
2025-12-06 19:00:00,671 [Node2] INFO: Stopping node
2025-12-06 19:00:00,813 [Node3] INFO: Stopping node
2025-12-06 19:00:01,612 [Experiment] INFO: Finished scenario: Node1 Failure + Recovery (self-healing ON)
2025-12-06 19:00:01,612 [Experiment] INFO: Summary: {'scenario': 'Node1 Failure + Recovery (self-healing ON)', 'enable_self_healing': True, 'byzantine_outliers': 0, 'byzantine_quarantines': 0, 'node_failures': 1, 'reboots_sent': 1, 'num_consensus_samples': 57, 'mean_consensus_cm': 74.91201754385965, 'std_consensus_cm': 1.5675595233806388, 'mean_abs_error_cm': 1.2130701754385964}
2025-12-06 19:00:01,612 [Experiment] INFO: All scenarios completed
2025-12-06 19:00:01,612 [Experiment] INFO: Log file: experiment_2025-12-06_18-55-49.log
